\BOOKMARK [0][-]{chapter*.2}{\376\377\000I\000n\000n\000l\000e\000i\000i\000n\000g}{}% 1
\BOOKMARK [0][-]{chapter.8}{\376\377\000F\000o\000r\000m\000r\000o\000m\000m\000e\000t}{}% 2
\BOOKMARK [1][-]{section.9}{\376\377\000K\000v\000a\000\040\000e\000r\000\040\000e\000i\000t\000\040\000f\000o\000r\000m\000r\000o\000m\000?}{chapter.8}% 3
\BOOKMARK [1][-]{section.10}{\376\377\000F\000o\000r\000m\000e\000l\000l\000\040\000d\000e\000f\000i\000n\000i\000s\000j\000o\000n}{chapter.8}% 4
\BOOKMARK [1][-]{section.14}{\376\377\000K\000o\000m\000p\000a\000k\000t\000h\000e\000i\000t}{chapter.8}% 5
\BOOKMARK [1][-]{section.17}{\376\377\000R\000e\000g\000i\000o\000n\000t\000y\000p\000o\000l\000o\000g\000i}{chapter.8}% 6
\BOOKMARK [1][-]{section.23}{\376\377\000F\000o\000r\000k\000l\000a\000r\000i\000n\000g\000s\000k\000r\000a\000v\000e\000t}{chapter.8}% 7
\BOOKMARK [0][-]{chapter.26}{\376\377\000S\000e\000l\000e\000k\000s\000j\000o\000n\000s\000t\000r\000y\000k\000k}{}% 8
\BOOKMARK [1][-]{section.27}{\376\377\000K\000v\000a\000\040\000d\000r\000i\000v\000\040\000f\000o\000r\000m\000a\000?}{chapter.26}% 9
\BOOKMARK [1][-]{section.28}{\376\377\000F\000o\000r\000m\000e\000l\000l\000\040\000d\000e\000f\000i\000n\000i\000s\000j\000o\000n}{chapter.26}% 10
\BOOKMARK [1][-]{section.33}{\376\377\000D\000e\000i\000\040\000f\000e\000m\000\040\000h\000o\000v\000u\000d\000k\000l\000a\000s\000s\000a\000n\000e}{chapter.26}% 11
\BOOKMARK [1][-]{section.39}{\376\377\000F\000u\000n\000k\000s\000j\000o\000n\000e\000n\000\040\000a\000v\000g\000r\000e\000n\000s\000a\000r\000,\000\040\000m\000e\000n\000\040\000b\000e\000s\000t\000e\000m\000m\000e\000r\000\040\000i\000k\000k\000j\000e}{chapter.26}% 12
\BOOKMARK [1][-]{section.42}{\376\377\000T\000e\000o\000r\000e\000m\000e\000t\000\040\000o\000m\000\040\000v\000a\000r\000i\000a\000s\000j\000o\000n\000\040\000u\000n\000d\000e\000r\000\040\000k\000o\000n\000s\000t\000a\000n\000t\000\040\000f\000u\000n\000k\000s\000j\000o\000n}{chapter.26}% 13
\BOOKMARK [1][-]{section.49}{\376\377\000M\000o\000t\000s\000t\000r\000i\000d\000a\000n\000d\000e\000\040\000r\000e\000t\000n\000i\000n\000g\000a\000r}{chapter.26}% 14
\BOOKMARK [0][-]{chapter.54}{\376\377\000T\000i\000l\000p\000a\000s\000s\000i\000n\000g\000s\000l\000a\000n\000d\000s\000k\000a\000p\000e\000t}{}% 15
\BOOKMARK [1][-]{section.55}{\376\377\000F\000r\000\345\000\040\000t\000r\000y\000k\000k\000\040\000t\000i\000l\000\040\000l\000a\000n\000d\000s\000k\000a\000p}{chapter.54}% 16
\BOOKMARK [1][-]{section.56}{\376\377\000T\000i\000l\000p\000a\000s\000s\000i\000n\000g\000s\000f\000u\000n\000k\000s\000j\000o\000n\000e\000n}{chapter.54}% 17
\BOOKMARK [1][-]{section.61}{\376\377\000T\000i\000l\000p\000a\000s\000s\000i\000n\000g\000s\000l\000a\000n\000d\000s\000k\000a\000p\000e\000t}{chapter.54}% 18
\BOOKMARK [1][-]{section.64}{\376\377\000T\000e\000o\000r\000e\000m\000e\000t\000\040\000o\000m\000\040\000f\000l\000e\000i\000r\000e\000\040\000h\000a\000u\000g\000a\000r}{chapter.54}% 19
\BOOKMARK [1][-]{section.67}{\376\377\000S\000t\000i\000l\000\040\000s\000o\000m\000\040\000a\000t\000t\000r\000a\000k\000s\000j\000o\000n\000s\000b\000a\000s\000s\000e\000n\000g}{chapter.54}% 20
\BOOKMARK [1][-]{section.70}{\376\377\000N\000K\000-\000l\000a\000n\000d\000s\000k\000a\000p\000\040\000o\000g\000\040\000r\000u\000g\000l\000e\000t\000e\000\040\000t\000e\000r\000r\000e\000n\000g}{chapter.54}% 21
\BOOKMARK [0][-]{chapter.71}{\376\377\000D\000y\000n\000a\000m\000i\000k\000k}{}% 22
\BOOKMARK [1][-]{section.72}{\376\377\000L\000a\000n\000d\000s\000k\000a\000p\000e\000t\000\040\000e\000n\000d\000r\000a\000r\000\040\000s\000e\000g}{chapter.71}% 23
\BOOKMARK [1][-]{section.73}{\376\377\000F\000o\000r\000m\000e\000l\000l\000\040\000d\000e\000f\000i\000n\000i\000s\000j\000o\000n}{chapter.71}% 24
\BOOKMARK [1][-]{section.76}{\376\377\000P\000u\000n\000k\000t\000e\000r\000t\000\040\000l\000i\000k\000e\000v\000e\000k\000t}{chapter.71}% 25
\BOOKMARK [1][-]{section.81}{\376\377\000L\000a\000n\000d\000s\000k\000a\000p\000s\000m\000i\000n\000n\000e}{chapter.71}% 26
\BOOKMARK [1][-]{section.84}{\376\377\000S\000h\000a\000n\000n\000o\000n\000-\000e\000n\000t\000r\000o\000p\000i\000\040\000o\000v\000e\000r\000\040\000m\000a\000t\000e\000r\000i\000a\000l\000b\000r\000u\000k}{chapter.71}% 27
\BOOKMARK [0][-]{chapter.85}{\376\377\000N\000a\000v\000i\000g\000a\000t\000o\000r\000a\000r}{}% 28
\BOOKMARK [1][-]{section.86}{\376\377\000K\000v\000e\000n\000\040\000r\000e\000s\000p\000o\000n\000d\000e\000r\000e\000r\000\040\000p\000\345\000\040\000l\000a\000n\000d\000s\000k\000a\000p\000e\000t\000?}{chapter.85}% 29
\BOOKMARK [1][-]{section.87}{\376\377\000N\000a\000v\000i\000g\000a\000t\000o\000r\000-\000t\000r\000i\000p\000p\000e\000l\000e\000t}{chapter.85}% 30
\BOOKMARK [1][-]{section.94}{\376\377\000B\000a\000n\000e\000-\000a\000v\000h\000e\000n\000g\000i\000g\000\040\000m\000\345\000l\000t\000i\000l\000s\000t\000a\000n\000d}{chapter.85}% 31
\BOOKMARK [1][-]{section.95}{\376\377\000F\000e\000m\000\040\000s\000u\000b\000s\000t\000r\000a\000t\000k\000l\000a\000s\000s\000a\000r}{chapter.85}% 32
\BOOKMARK [1][-]{section.96}{\376\377\000I\000n\000t\000e\000l\000l\000i\000g\000e\000n\000s\000\040\000s\000o\000m\000\040\000e\000v\000n\000e\000\040\000t\000i\000l\000\040\000\345\000\040\000k\000r\000y\000s\000s\000e\000\040\000d\000a\000l\000a\000r}{chapter.85}% 33
\BOOKMARK [1][-]{section.99}{\376\377\000K\000o\000g\000n\000i\000t\000i\000v\000\040\000g\000r\000e\000n\000s\000e\000f\000l\000a\000t\000e}{chapter.85}% 34
\BOOKMARK [0][-]{chapter.105}{\376\377\000S\000u\000b\000s\000t\000r\000a\000t\000-\000u\000a\000v\000h\000e\000n\000g\000i\000g\000h\000e\000i\000t\000\040\000o\000g\000\040\000e\000m\000e\000r\000g\000e\000n\000s}{}% 35
\BOOKMARK [0][-]{chapter.106}{\376\377\000V\000a\000r\000i\000a\000s\000j\000o\000n\000s\000p\000r\000i\000n\000s\000i\000p\000p}{}% 36
\BOOKMARK [0][-]{chapter.107}{\376\377\000E\000m\000p\000i\000r\000i\000s\000k\000:\000\040\000M\000a\000t\000e\000r\000i\000a\000l\000s\000i\000g\000n\000a\000t\000u\000r\000a\000r}{}% 37
\BOOKMARK [0][-]{chapter.108}{\376\377\000K\000o\000n\000s\000e\000k\000v\000e\000n\000s\000a\000r\000\040\000o\000g\000\040\000f\000r\000a\000m\000t\000i\000d}{}% 38
\BOOKMARK [0][-]{appendix.109}{\376\377\000K\000o\000r\000r\000e\000s\000p\000o\000n\000d\000a\000n\000s\000e\000t\000a\000b\000e\000l\000l}{}% 39
\BOOKMARK [0][-]{appendix.110}{\376\377\000S\000u\000b\000s\000t\000r\000a\000t\000-\000u\000a\000v\000h\000e\000n\000g\000i\000g\000h\000e\000i\000t\000\040\000o\000g\000\040\000e\000m\000e\000r\000g\000e\000n\000s}{}% 40
\BOOKMARK [1][-]{section.111}{\376\377\000N\000a\000v\000i\000g\000a\000s\000j\000o\000n\000\040\000e\000r\000\040\000e\000i\000n\000\040\000e\000i\000g\000e\000n\000s\000k\000a\000p\000\040\000v\000e\000d\000\040\000o\000r\000g\000a\000n\000i\000s\000e\000r\000i\000n\000g}{appendix.110}% 41
\BOOKMARK [1][-]{section.112}{\376\377\000P\000o\000s\000t\000u\000l\000a\000t\000:\000\040\000S\000u\000b\000s\000t\000r\000a\000t\000-\000u\000a\000v\000h\000e\000n\000g\000i\000g\000\040\000n\000a\000v\000i\000g\000a\000s\000j\000o\000n}{appendix.110}% 42
\BOOKMARK [1][-]{section.119}{\376\377\000P\000o\000s\000i\000s\000j\000o\000n\000s\000i\000n\000v\000a\000r\000i\000a\000n\000s}{appendix.110}% 43
\BOOKMARK [1][-]{section.127}{\376\377\000E\000m\000e\000r\000g\000e\000n\000t\000\040\000n\000a\000v\000i\000g\000a\000s\000j\000o\000n}{appendix.110}% 44
\BOOKMARK [1][-]{section.133}{\376\377\000D\000e\000s\000i\000g\000n\000h\000i\000s\000t\000o\000r\000i\000s\000k\000\040\000d\000\370\000m\000e\000:\000\040\000T\000o\000p\000o\000l\000o\000g\000i\000\040\000m\000\370\000t\000e\000r\000\040\000b\000i\000o\000l\000o\000g\000i}{appendix.110}% 45
\BOOKMARK [1][-]{section.134}{\376\377\000G\000j\000e\000n\000n\000o\000m\000a\000r\000b\000e\000i\000d\000d\000\040\000d\000\370\000m\000e\000:\000\040\000T\000r\000e\000\040\000n\000a\000v\000i\000g\000a\000t\000o\000r\000a\000r\000,\000\040\000\351\000i\000n\000\040\000s\000t\000o\000l}{appendix.110}% 46
\BOOKMARK [1][-]{section.139}{\376\377\000\330\000v\000i\000n\000g\000a\000r}{appendix.110}% 47
\BOOKMARK [0][-]{appendix.152}{\376\377\000V\000a\000r\000i\000a\000s\000j\000o\000n\000s\000p\000r\000i\000n\000s\000i\000p\000p}{}% 48
\BOOKMARK [1][-]{section.153}{\376\377\000S\000t\000i\000g\000e\000n\000\040\000g\000j\000e\000n\000n\000o\000m\000\040\000f\000o\000r\000m\000r\000o\000m\000m\000e\000t}{appendix.152}% 49
\BOOKMARK [1][-]{section.154}{\376\377\000S\000t\000i\000a\000v\000h\000e\000n\000g\000i\000g\000\040\000t\000i\000l\000p\000a\000s\000s\000i\000n\000g}{appendix.152}% 50
\BOOKMARK [1][-]{section.159}{\376\377\000E\000u\000l\000e\000r\040\023\000L\000a\000g\000r\000a\000n\000g\000e\000-\000l\000i\000k\000n\000i\000n\000g\000a\000\040\000f\000o\000r\000\040\000d\000e\000s\000i\000g\000n\000t\000r\000a\000j\000e\000k\000t\000o\000r\000i\000a\000r}{appendix.152}% 51
\BOOKMARK [1][-]{section.170}{\376\377\000S\000t\000i\000g\000e\000n\000\040\000m\000o\000d\000i\000f\000i\000s\000e\000r\000e\000r\000\040\000l\000a\000n\000d\000s\000k\000a\000p\000e\000t}{appendix.152}% 52
\BOOKMARK [1][-]{section.174}{\376\377\000S\000p\000r\000e\000i\000i\000n\000g\000s\000h\000y\000p\000o\000t\000e\000s\000e\000n}{appendix.152}% 53
\BOOKMARK [1][-]{section.181}{\376\377\000D\000e\000s\000i\000g\000n\000h\000i\000s\000t\000o\000r\000i\000s\000k\000\040\000d\000\370\000m\000e\000:\000\040\000K\000u\000b\000l\000e\000r\000s\000\040\000f\000o\000r\000m\000t\000i\000d}{appendix.152}% 54
\BOOKMARK [1][-]{section.182}{\376\377\000G\000j\000e\000n\000n\000o\000m\000a\000r\000b\000e\000i\000d\000d\000\040\000d\000\370\000m\000e\000:\000\040\000S\000p\000r\000e\000i\000i\000n\000g\000s\000r\000e\000l\000a\000s\000j\000o\000n\000e\000n\000\040\000i\000\040\000p\000r\000a\000k\000s\000i\000s}{appendix.152}% 55
\BOOKMARK [1][-]{section.186}{\376\377\000\330\000v\000i\000n\000g\000a\000r}{appendix.152}% 56
\BOOKMARK [0][-]{appendix.199}{\376\377\000E\000m\000p\000i\000r\000i\000s\000k\000:\000\040\000M\000a\000t\000e\000r\000i\000a\000l\000s\000i\000g\000n\000a\000t\000u\000r\000a\000r}{}% 57
\BOOKMARK [1][-]{section.200}{\376\377\000F\000r\000\345\000\040\000t\000e\000o\000r\000i\000\040\000t\000i\000l\000\040\000d\000a\000t\000a}{appendix.199}% 58
\BOOKMARK [1][-]{section.201}{\376\377\000P\000o\000s\000t\000u\000l\000a\000t\000\040\000o\000m\000\040\000g\000e\000o\000m\000e\000t\000r\000i\000s\000k\000\040\000s\000i\000g\000n\000a\000t\000u\000r}{appendix.199}% 59
\BOOKMARK [1][-]{section.206}{\376\377\000I\000n\000f\000o\000r\000m\000a\000s\000j\000o\000n\000s\000t\000e\000o\000r\000e\000m\000e\000t}{appendix.199}% 60
\BOOKMARK [1][-]{section.221}{\376\377\000S\000T\000O\000L\000A\000R\000-\000d\000a\000t\000a\000s\000e\000t\000t\000e\000t}{appendix.199}% 61
\BOOKMARK [2][-]{subsection.222}{\376\377\000G\000e\000o\000m\000e\000t\000r\000i\000s\000k\000e\000\040\000p\000r\000o\000f\000i\000l\000a\000r\000\040\000p\000e\000r\000\040\000m\000a\000t\000e\000r\000i\000a\000l\000e}{section.221}% 62
\BOOKMARK [2][-]{subsection.223}{\376\377\000E\000m\000p\000i\000r\000i\000s\000k\000e\000\040\000i\000n\000f\000o\000r\000m\000a\000s\000j\000o\000n\000s\000v\000e\000r\000d\000i\000a\000r}{section.221}% 63
\BOOKMARK [2][-]{subsection.224}{\376\377\000M\000a\000t\000e\000r\000i\000a\000l\000e\000n\000t\000r\000o\000p\000i\000e\000n\000\040\000o\000v\000e\000r\000\040\000t\000i\000d}{section.221}% 64
\BOOKMARK [1][-]{section.225}{\376\377\000D\000e\000s\000i\000g\000n\000h\000i\000s\000t\000o\000r\000i\000s\000k\000\040\000d\000\370\000m\000e\000:\000\040\000M\000a\000h\000o\000g\000n\000i\000t\000o\000p\000p\000e\000n}{appendix.199}% 65
\BOOKMARK [1][-]{section.226}{\376\377\000G\000j\000e\000n\000n\000o\000m\000a\000r\000b\000e\000i\000d\000d\000\040\000d\000\370\000m\000e\000:\000\040\000R\000e\000k\000n\000\040\000u\000t\000\040\000g\000j\000e\000n\000s\000i\000d\000i\000g\000\040\000i\000n\000f\000o\000r\000m\000a\000s\000j\000o\000n}{appendix.199}% 66
\BOOKMARK [1][-]{section.233}{\376\377\000\330\000v\000i\000n\000g\000a\000r}{appendix.199}% 67
\BOOKMARK [0][-]{appendix.246}{\376\377\000K\000o\000n\000s\000e\000k\000v\000e\000n\000s\000a\000r\000\040\000o\000g\000\040\000f\000r\000a\000m\000t\000i\000d}{}% 68
\BOOKMARK [1][-]{section.247}{\376\377\000P\000r\000o\000v\000i\000s\000o\000r\000i\000s\000k\000\040\000k\000o\000m\000p\000r\000o\000m\000i\000s\000s}{appendix.246}% 69
\BOOKMARK [1][-]{section.251}{\376\377\000V\000a\000r\000i\000g\000e\000\040\000t\000r\000a\000d\000i\000s\000j\000o\000n\000a\000r}{appendix.246}% 70
\BOOKMARK [1][-]{section.255}{\376\377\000F\000a\000l\000s\000i\000f\000i\000s\000e\000r\000b\000a\000r\000h\000e\000i\000t}{appendix.246}% 71
\BOOKMARK [1][-]{section.263}{\376\377\000R\000e\000f\000l\000e\000k\000s\000i\000v\000\040\000n\000a\000v\000i\000g\000a\000s\000j\000o\000n}{appendix.246}% 72
\BOOKMARK [1][-]{section.264}{\376\377\000F\000i\000r\000e\000\040\000p\000r\000a\000k\000s\000i\000s\000a\000r\000\040\000a\000n\000a\000l\000y\000s\000e\000r\000t\000e}{appendix.246}% 73
\BOOKMARK [2][-]{subsection.265}{\376\377\000H\000a\000n\000d\000v\000e\000r\000k\000s\000d\000e\000s\000i\000g\000n}{section.264}% 74
\BOOKMARK [2][-]{subsection.272}{\376\377\000I\000n\000d\000u\000s\000t\000r\000i\000d\000e\000s\000i\000g\000n}{section.264}% 75
\BOOKMARK [2][-]{subsection.278}{\376\377\000P\000a\000r\000a\000m\000e\000t\000r\000i\000s\000k\000\040\000o\000g\000\040\000a\000l\000g\000o\000r\000i\000t\000m\000i\000s\000k\000\040\000d\000e\000s\000i\000g\000n}{section.264}% 76
\BOOKMARK [2][-]{subsection.284}{\376\377\000G\000e\000n\000e\000r\000a\000t\000i\000v\000\040\000A\000I\000-\000d\000e\000s\000i\000g\000n}{section.264}% 77
\BOOKMARK [2][-]{subsection.291}{\376\377\000E\000v\000a\000l\000u\000e\000r\000i\000n\000g\000\040\000l\000a\000n\000g\000s\000\040\000f\000i\000r\000e\000\040\000a\000k\000s\000a\000r}{section.264}% 78
\BOOKMARK [1][-]{section.292}{\376\377\000K\000v\000a\000\040\000b\000e\000t\000y\000r\000\040\000d\000e\000t\000t\000e\000\040\000f\000o\000r\000\040\000d\000e\000s\000i\000g\000n\000u\000t\000d\000a\000n\000n\000i\000n\000g\000?}{appendix.246}% 79
\BOOKMARK [1][-]{section.298}{\376\377\000\330\000v\000i\000n\000g\000a\000r}{appendix.246}% 80
\BOOKMARK [0][-]{appendix.313}{\376\377\000K\000o\000r\000r\000e\000s\000p\000o\000n\000d\000a\000n\000s\000e\000t\000a\000b\000e\000l\000l}{}% 81
\BOOKMARK [0][-]{appendix.314}{\376\377\000N\000o\000t\000a\000s\000j\000o\000n\000s\000o\000v\000e\000r\000s\000y\000n}{}% 82
\BOOKMARK [0][-]{appendix.315}{\376\377\000\330\000v\000i\000n\000g\000s\000n\000\370\000k\000k\000e\000l}{}% 83
\BOOKMARK [0][-]{appendix.341}{\376\377\000K\000o\000r\000r\000e\000s\000p\000o\000n\000d\000a\000n\000s\000e\000t\000a\000b\000e\000l\000l}{}% 84
\BOOKMARK [0][-]{appendix.342}{\376\377\000N\000o\000t\000a\000s\000j\000o\000n\000s\000o\000v\000e\000r\000s\000y\000n}{}% 85
