This is pdfTeX, Version 3.141592653-2.6-1.40.28 (MiKTeX 25.12) (preloaded format=pdflatex 2026.3.25)  30 MAR 2026 07:51
entering extended mode
 restricted \write18 enabled.
 %&-line parsing enabled.
**./utkast_02.tex
(utkast_02.tex
LaTeX2e <2025-11-01>
L3 programming layer <2025-12-24>
(C:\Users\Shadow\AppData\Local\Programs\MiKTeX\tex/latex/base\book.cls
Document Class: book 2025/01/22 v1.4n Standard LaTeX document class
(C:\Users\Shadow\AppData\Local\Programs\MiKTeX\tex/latex/base\bk10.clo
File: bk10.clo 2025/01/22 v1.4n Standard LaTeX file (size option)
)
\c@part=\count275
\c@chapter=\count276
\c@section=\count277
\c@subsection=\count278
\c@subsubsection=\count279
\c@paragraph=\count280
\c@subparagraph=\count281
\c@figure=\count282
\c@table=\count283
\abovecaptionskip=\skip49
\belowcaptionskip=\skip50
\bibindent=\dimen148
)
(C:\Users\Shadow\AppData\Local\Programs\MiKTeX\tex/latex/base\fix-cm.sty
Package: fix-cm 2020/11/24 v1.1t fixes to LaTeX

(C:\Users\Shadow\AppData\Local\Programs\MiKTeX\tex/latex/base\ts1enc.def
File: ts1enc.def 2001/06/05 v3.0e (jk/car/fm) Standard LaTeX file
LaTeX Font Info:    Redeclaring font encoding TS1 on input line 47.
LaTeX Encoding Info:    Redeclaring text command \capitalcedilla (encoding TS1)
 on input line 49.
LaTeX Encoding Info:    Redeclaring text command \capitalogonek (encoding TS1) 
on input line 52.
LaTeX Encoding Info:    Redeclaring text command \capitalgrave (encoding TS1) o
n input line 55.
LaTeX Encoding Info:    Redeclaring text command \capitalacute (encoding TS1) o
n input line 56.
LaTeX Encoding Info:    Redeclaring text command \capitalcircumflex (encoding T
S1) on input line 57.
LaTeX Encoding Info:    Redeclaring text command \capitaltilde (encoding TS1) o
n input line 58.
LaTeX Encoding Info:    Redeclaring text command \capitaldieresis (encoding TS1
) on input line 59.
LaTeX Encoding Info:    Redeclaring text command \capitalhungarumlaut (encoding
 TS1) on input line 60.
LaTeX Encoding Info:    Redeclaring text command \capitalring (encoding TS1) on
 input line 61.
LaTeX Encoding Info:    Redeclaring text command \capitalcaron (encoding TS1) o
n input line 62.
LaTeX Encoding Info:    Redeclaring text command \capitalbreve (encoding TS1) o
n input line 63.
LaTeX Encoding Info:    Redeclaring text command \capitalmacron (encoding TS1) 
on input line 64.
LaTeX Encoding Info:    Redeclaring text command \capitaldotaccent (encoding TS
1) on input line 65.
LaTeX Encoding Info:    Redeclaring text command \t (encoding TS1) on input lin
e 66.
LaTeX Encoding Info:    Redeclaring text command \capitaltie (encoding TS1) on 
input line 67.
LaTeX Encoding Info:    Redeclaring text command \newtie (encoding TS1) on inpu
t line 68.
LaTeX Encoding Info:    Redeclaring text command \capitalnewtie (encoding TS1) 
on input line 69.
LaTeX Encoding Info:    Redeclaring text symbol \textcapitalcompwordmark (encod
ing TS1) on input line 70.
LaTeX Encoding Info:    Redeclaring text symbol \textascendercompwordmark (enco
ding TS1) on input line 71.
LaTeX Encoding Info:    Redeclaring text symbol \textquotestraightbase (encodin
g TS1) on input line 72.
LaTeX Encoding Info:    Redeclaring text symbol \textquotestraightdblbase (enco
ding TS1) on input line 73.
LaTeX Encoding Info:    Redeclaring text symbol \texttwelveudash (encoding TS1)
 on input line 74.
LaTeX Encoding Info:    Redeclaring text symbol \textthreequartersemdash (encod
ing TS1) on input line 75.
LaTeX Encoding Info:    Redeclaring text symbol \textleftarrow (encoding TS1) o
n input line 76.
LaTeX Encoding Info:    Redeclaring text symbol \textrightarrow (encoding TS1) 
on input line 77.
LaTeX Encoding Info:    Redeclaring text symbol \textblank (encoding TS1) on in
put line 78.
LaTeX Encoding Info:    Redeclaring text symbol \textdollar (encoding TS1) on i
nput line 79.
LaTeX Encoding Info:    Redeclaring text symbol \textquotesingle (encoding TS1)
 on input line 80.
LaTeX Encoding Info:    Redeclaring text command \textasteriskcentered (encodin
g TS1) on input line 81.
LaTeX Encoding Info:    Redeclaring text symbol \textdblhyphen (encoding TS1) o
n input line 92.
LaTeX Encoding Info:    Redeclaring text symbol \textfractionsolidus (encoding 
TS1) on input line 93.
LaTeX Encoding Info:    Redeclaring text symbol \textzerooldstyle (encoding TS1
) on input line 94.
LaTeX Encoding Info:    Redeclaring text symbol \textoneoldstyle (encoding TS1)
 on input line 95.
LaTeX Encoding Info:    Redeclaring text symbol \texttwooldstyle (encoding TS1)
 on input line 96.
LaTeX Encoding Info:    Redeclaring text symbol \textthreeoldstyle (encoding TS
1) on input line 97.
LaTeX Encoding Info:    Redeclaring text symbol \textfouroldstyle (encoding TS1
) on input line 98.
LaTeX Encoding Info:    Redeclaring text symbol \textfiveoldstyle (encoding TS1
) on input line 99.
LaTeX Encoding Info:    Redeclaring text symbol \textsixoldstyle (encoding TS1)
 on input line 100.
LaTeX Encoding Info:    Redeclaring text symbol \textsevenoldstyle (encoding TS
1) on input line 101.
LaTeX Encoding Info:    Redeclaring text symbol \texteightoldstyle (encoding TS
1) on input line 102.
LaTeX Encoding Info:    Redeclaring text symbol \textnineoldstyle (encoding TS1
) on input line 103.
LaTeX Encoding Info:    Redeclaring text symbol \textlangle (encoding TS1) on i
nput line 104.
LaTeX Encoding Info:    Redeclaring text symbol \textminus (encoding TS1) on in
put line 105.
LaTeX Encoding Info:    Redeclaring text symbol \textrangle (encoding TS1) on i
nput line 106.
LaTeX Encoding Info:    Redeclaring text symbol \textmho (encoding TS1) on inpu
t line 107.
LaTeX Encoding Info:    Redeclaring text symbol \textbigcircle (encoding TS1) o
n input line 108.
LaTeX Encoding Info:    Redeclaring text command \textcircled (encoding TS1) on
 input line 109.
LaTeX Encoding Info:    Redeclaring text symbol \textohm (encoding TS1) on inpu
t line 115.
LaTeX Encoding Info:    Redeclaring text symbol \textlbrackdbl (encoding TS1) o
n input line 116.
LaTeX Encoding Info:    Redeclaring text symbol \textrbrackdbl (encoding TS1) o
n input line 117.
LaTeX Encoding Info:    Redeclaring text symbol \textuparrow (encoding TS1) on 
input line 118.
LaTeX Encoding Info:    Redeclaring text symbol \textdownarrow (encoding TS1) o
n input line 119.
LaTeX Encoding Info:    Redeclaring text symbol \textasciigrave (encoding TS1) 
on input line 120.
LaTeX Encoding Info:    Redeclaring text symbol \textborn (encoding TS1) on inp
ut line 121.
LaTeX Encoding Info:    Redeclaring text symbol \textdivorced (encoding TS1) on
 input line 122.
LaTeX Encoding Info:    Redeclaring text symbol \textdied (encoding TS1) on inp
ut line 123.
LaTeX Encoding Info:    Redeclaring text symbol \textleaf (encoding TS1) on inp
ut line 124.
LaTeX Encoding Info:    Redeclaring text symbol \textmarried (encoding TS1) on 
input line 125.
LaTeX Encoding Info:    Redeclaring text symbol \textmusicalnote (encoding TS1)
 on input line 126.
LaTeX Encoding Info:    Redeclaring text symbol \texttildelow (encoding TS1) on
 input line 127.
LaTeX Encoding Info:    Redeclaring text symbol \textdblhyphenchar (encoding TS
1) on input line 128.
LaTeX Encoding Info:    Redeclaring text symbol \textasciibreve (encoding TS1) 
on input line 129.
LaTeX Encoding Info:    Redeclaring text symbol \textasciicaron (encoding TS1) 
on input line 130.
LaTeX Encoding Info:    Redeclaring text symbol \textacutedbl (encoding TS1) on
 input line 131.
LaTeX Encoding Info:    Redeclaring text symbol \textgravedbl (encoding TS1) on
 input line 132.
LaTeX Encoding Info:    Redeclaring text symbol \textdagger (encoding TS1) on i
nput line 133.
LaTeX Encoding Info:    Redeclaring text symbol \textdaggerdbl (encoding TS1) o
n input line 134.
LaTeX Encoding Info:    Redeclaring text symbol \textbardbl (encoding TS1) on i
nput line 135.
LaTeX Encoding Info:    Redeclaring text symbol \textperthousand (encoding TS1)
 on input line 136.
LaTeX Encoding Info:    Redeclaring text symbol \textbullet (encoding TS1) on i
nput line 137.
LaTeX Encoding Info:    Redeclaring text symbol \textcelsius (encoding TS1) on 
input line 138.
LaTeX Encoding Info:    Redeclaring text symbol \textdollaroldstyle (encoding T
S1) on input line 139.
LaTeX Encoding Info:    Redeclaring text symbol \textcentoldstyle (encoding TS1
) on input line 140.
LaTeX Encoding Info:    Redeclaring text symbol \textflorin (encoding TS1) on i
nput line 141.
LaTeX Encoding Info:    Redeclaring text symbol \textcolonmonetary (encoding TS
1) on input line 142.
LaTeX Encoding Info:    Redeclaring text symbol \textwon (encoding TS1) on inpu
t line 143.
LaTeX Encoding Info:    Redeclaring text symbol \textnaira (encoding TS1) on in
put line 144.
LaTeX Encoding Info:    Redeclaring text symbol \textguarani (encoding TS1) on 
input line 145.
LaTeX Encoding Info:    Redeclaring text symbol \textpeso (encoding TS1) on inp
ut line 146.
LaTeX Encoding Info:    Redeclaring text symbol \textlira (encoding TS1) on inp
ut line 147.
LaTeX Encoding Info:    Redeclaring text symbol \textrecipe (encoding TS1) on i
nput line 148.
LaTeX Encoding Info:    Redeclaring text symbol \textinterrobang (encoding TS1)
 on input line 149.
LaTeX Encoding Info:    Redeclaring text symbol \textinterrobangdown (encoding 
TS1) on input line 150.
LaTeX Encoding Info:    Redeclaring text symbol \textdong (encoding TS1) on inp
ut line 151.
LaTeX Encoding Info:    Redeclaring text symbol \texttrademark (encoding TS1) o
n input line 152.
LaTeX Encoding Info:    Redeclaring text symbol \textpertenthousand (encoding T
S1) on input line 153.
LaTeX Encoding Info:    Redeclaring text symbol \textpilcrow (encoding TS1) on 
input line 154.
LaTeX Encoding Info:    Redeclaring text symbol \textbaht (encoding TS1) on inp
ut line 155.
LaTeX Encoding Info:    Redeclaring text symbol \textnumero (encoding TS1) on i
nput line 156.
LaTeX Encoding Info:    Redeclaring text symbol \textdiscount (encoding TS1) on
 input line 157.
LaTeX Encoding Info:    Redeclaring text symbol \textestimated (encoding TS1) o
n input line 158.
LaTeX Encoding Info:    Redeclaring text symbol \textopenbullet (encoding TS1) 
on input line 159.
LaTeX Encoding Info:    Redeclaring text symbol \textservicemark (encoding TS1)
 on input line 160.
LaTeX Encoding Info:    Redeclaring text symbol \textlquill (encoding TS1) on i
nput line 161.
LaTeX Encoding Info:    Redeclaring text symbol \textrquill (encoding TS1) on i
nput line 162.
LaTeX Encoding Info:    Redeclaring text symbol \textcent (encoding TS1) on inp
ut line 163.
LaTeX Encoding Info:    Redeclaring text symbol \textsterling (encoding TS1) on
 input line 164.
LaTeX Encoding Info:    Redeclaring text symbol \textcurrency (encoding TS1) on
 input line 165.
LaTeX Encoding Info:    Redeclaring text symbol \textyen (encoding TS1) on inpu
t line 166.
LaTeX Encoding Info:    Redeclaring text symbol \textbrokenbar (encoding TS1) o
n input line 167.
LaTeX Encoding Info:    Redeclaring text symbol \textsection (encoding TS1) on 
input line 168.
LaTeX Encoding Info:    Redeclaring text symbol \textasciidieresis (encoding TS
1) on input line 169.
LaTeX Encoding Info:    Redeclaring text symbol \textcopyright (encoding TS1) o
n input line 170.
LaTeX Encoding Info:    Redeclaring text symbol \textordfeminine (encoding TS1)
 on input line 171.
LaTeX Encoding Info:    Redeclaring text symbol \textcopyleft (encoding TS1) on
 input line 172.
LaTeX Encoding Info:    Redeclaring text symbol \textlnot (encoding TS1) on inp
ut line 173.
LaTeX Encoding Info:    Redeclaring text symbol \textcircledP (encoding TS1) on
 input line 174.
LaTeX Encoding Info:    Redeclaring text symbol \textregistered (encoding TS1) 
on input line 175.
LaTeX Encoding Info:    Redeclaring text symbol \textasciimacron (encoding TS1)
 on input line 176.
LaTeX Encoding Info:    Redeclaring text symbol \textdegree (encoding TS1) on i
nput line 177.
LaTeX Encoding Info:    Redeclaring text symbol \textpm (encoding TS1) on input
 line 178.
LaTeX Encoding Info:    Redeclaring text symbol \texttwosuperior (encoding TS1)
 on input line 179.
LaTeX Encoding Info:    Redeclaring text symbol \textthreesuperior (encoding TS
1) on input line 180.
LaTeX Encoding Info:    Redeclaring text symbol \textasciiacute (encoding TS1) 
on input line 181.
LaTeX Encoding Info:    Redeclaring text symbol \textmu (encoding TS1) on input
 line 182.
LaTeX Encoding Info:    Redeclaring text symbol \textparagraph (encoding TS1) o
n input line 183.
LaTeX Encoding Info:    Redeclaring text symbol \textperiodcentered (encoding T
S1) on input line 184.
LaTeX Encoding Info:    Redeclaring text symbol \textreferencemark (encoding TS
1) on input line 185.
LaTeX Encoding Info:    Redeclaring text symbol \textonesuperior (encoding TS1)
 on input line 186.
LaTeX Encoding Info:    Redeclaring text symbol \textordmasculine (encoding TS1
) on input line 187.
LaTeX Encoding Info:    Redeclaring text symbol \textsurd (encoding TS1) on inp
ut line 188.
LaTeX Encoding Info:    Redeclaring text symbol \textonequarter (encoding TS1) 
on input line 189.
LaTeX Encoding Info:    Redeclaring text symbol \textonehalf (encoding TS1) on 
input line 190.
LaTeX Encoding Info:    Redeclaring text symbol \textthreequarters (encoding TS
1) on input line 191.
LaTeX Encoding Info:    Redeclaring text symbol \texteuro (encoding TS1) on inp
ut line 192.
LaTeX Encoding Info:    Redeclaring text symbol \texttimes (encoding TS1) on in
put line 193.
LaTeX Encoding Info:    Redeclaring text symbol \textdiv (encoding TS1) on inpu
t line 194.
))
(C:\Users\Shadow\AppData\Local\Programs\MiKTeX\tex/latex/base\fontenc.sty
Package: fontenc 2025/07/18 v2.1d Standard LaTeX package
)
(C:\Users\Shadow\AppData\Local\Programs\MiKTeX\tex/latex/base\inputenc.sty
Package: inputenc 2024/02/08 v1.3d Input encoding file
\inpenc@prehook=\toks17
\inpenc@posthook=\toks18
)
(C:\Users\Shadow\AppData\Local\Programs\MiKTeX\tex/latex/ebgaramond\ebgaramond.
sty
Package: ebgaramond 2024/04/23 (Bob Tennent and autoinst) Style file for EB Gar
amond fonts.

(C:\Users\Shadow\AppData\Local\Programs\MiKTeX\tex/generic/iftex\ifxetex.sty
Package: ifxetex 2019/10/25 v0.7 ifxetex legacy package. Use iftex instead.

(C:\Users\Shadow\AppData\Local\Programs\MiKTeX\tex/generic/iftex\iftex.sty
Package: iftex 2024/12/12 v1.0g TeX engine tests
))
(C:\Users\Shadow\AppData\Local\Programs\MiKTeX\tex/generic/iftex\ifluatex.sty
Package: ifluatex 2019/10/25 v1.5 ifluatex legacy package. Use iftex instead.
)
(C:\Users\Shadow\AppData\Local\Programs\MiKTeX\tex/latex/xkeyval\xkeyval.sty
Package: xkeyval 2022/06/16 v2.9 package option processing (HA)

(C:\Users\Shadow\AppData\Local\Programs\MiKTeX\tex/generic/xkeyval\xkeyval.tex
(C:\Users\Shadow\AppData\Local\Programs\MiKTeX\tex/generic/xkeyval\xkvutils.tex
\XKV@toks=\toks19
\XKV@tempa@toks=\toks20
(C:\Users\Shadow\AppData\Local\Programs\MiKTeX\tex/generic/xkeyval\keyval.tex))
\XKV@depth=\count284
File: xkeyval.tex 2014/12/03 v2.7a key=value parser (HA)
)) (C:\Users\Shadow\AppData\Local\Programs\MiKTeX\tex/latex/base\textcomp.sty
Package: textcomp 2024/04/24 v2.1b Standard LaTeX package
)
(C:\Users\Shadow\AppData\Local\Programs\MiKTeX\tex/latex/base\fontenc.sty
Package: fontenc 2025/07/18 v2.1d Standard LaTeX package
)
(C:\Users\Shadow\AppData\Local\Programs\MiKTeX\tex/latex/fontaxes\fontaxes.sty
Package: fontaxes 2026-01-02 v2.0.2 Font selection axes (deprecated)
Applying: [2024-11-01] Use figureversions if present on input line 74.

(C:\Users\Shadow\AppData\Local\Programs\MiKTeX\tex/latex/figureversions\figurev
ersions.sty
Package: figureversions 2025-04-29 v1.0.1 Figure versions
)
Already applied: [0000-00-00] Fall back to v1 on input line 76.
)
LaTeX Info: Redefining \oldstylenums on input line 163.
LaTeX Info: Redefining \textsw on input line 173.
)
(C:\Users\Shadow\AppData\Local\Programs\MiKTeX\tex/latex/amsmath\amsmath.sty
Package: amsmath 2025/07/09 v2.17z AMS math features
\@mathmargin=\skip51

For additional information on amsmath, use the `?' option.
(C:\Users\Shadow\AppData\Local\Programs\MiKTeX\tex/latex/amsmath\amstext.sty
Package: amstext 2024/11/17 v2.01 AMS text

(C:\Users\Shadow\AppData\Local\Programs\MiKTeX\tex/latex/amsmath\amsgen.sty
File: amsgen.sty 1999/11/30 v2.0 generic functions
\@emptytoks=\toks21
\ex@=\dimen149
))
(C:\Users\Shadow\AppData\Local\Programs\MiKTeX\tex/latex/amsmath\amsbsy.sty
Package: amsbsy 1999/11/29 v1.2d Bold Symbols
\pmbraise@=\dimen150
)
(C:\Users\Shadow\AppData\Local\Programs\MiKTeX\tex/latex/amsmath\amsopn.sty
Package: amsopn 2022/04/08 v2.04 operator names
)
\inf@bad=\count285
LaTeX Info: Redefining \frac on input line 233.
\uproot@=\count286
\leftroot@=\count287
LaTeX Info: Redefining \overline on input line 398.
LaTeX Info: Redefining \colon on input line 409.
\classnum@=\count288
\DOTSCASE@=\count289
LaTeX Info: Redefining \ldots on input line 495.
LaTeX Info: Redefining \dots on input line 498.
LaTeX Info: Redefining \cdots on input line 619.
\Mathstrutbox@=\box53
\strutbox@=\box54
LaTeX Info: Redefining \big on input line 721.
LaTeX Info: Redefining \Big on input line 722.
LaTeX Info: Redefining \bigg on input line 723.
LaTeX Info: Redefining \Bigg on input line 724.
\big@size=\dimen151
LaTeX Font Info:    Redeclaring font encoding OML on input line 742.
LaTeX Font Info:    Redeclaring font encoding OMS on input line 743.
\macc@depth=\count290
LaTeX Info: Redefining \bmod on input line 904.
LaTeX Info: Redefining \pmod on input line 909.
LaTeX Info: Redefining \smash on input line 939.
LaTeX Info: Redefining \relbar on input line 969.
LaTeX Info: Redefining \Relbar on input line 970.
\c@MaxMatrixCols=\count291
\dotsspace@=\muskip17
\c@parentequation=\count292
\dspbrk@lvl=\count293
\tag@help=\toks22
\row@=\count294
\column@=\count295
\maxfields@=\count296
\andhelp@=\toks23
\eqnshift@=\dimen152
\alignsep@=\dimen153
\tagshift@=\dimen154
\tagwidth@=\dimen155
\totwidth@=\dimen156
\lineht@=\dimen157
\@envbody=\toks24
\multlinegap=\skip52
\multlinetaggap=\skip53
\mathdisplay@stack=\toks25
LaTeX Info: Redefining \[ on input line 2950.
LaTeX Info: Redefining \] on input line 2951.
)
(C:\Users\Shadow\AppData\Local\Programs\MiKTeX\tex/latex/amsfonts\amssymb.sty
Package: amssymb 2013/01/14 v3.01 AMS font symbols

(C:\Users\Shadow\AppData\Local\Programs\MiKTeX\tex/latex/amsfonts\amsfonts.sty
Package: amsfonts 2013/01/14 v3.01 Basic AMSFonts support
\symAMSa=\mathgroup4
\symAMSb=\mathgroup5
LaTeX Font Info:    Redeclaring math symbol \hbar on input line 98.
LaTeX Font Info:    Overwriting math alphabet `\mathfrak' in version `bold'
(Font)                  U/euf/m/n --> U/euf/b/n on input line 106.
)) (C:\Users\Shadow\AppData\Local\Programs\MiKTeX\tex/latex/amscls\amsthm.sty
Package: amsthm 2020/05/29 v2.20.6
\thm@style=\toks26
\thm@bodyfont=\toks27
\thm@headfont=\toks28
\thm@notefont=\toks29
\thm@headpunct=\toks30
\thm@preskip=\skip54
\thm@postskip=\skip55
\thm@headsep=\skip56
\dth@everypar=\toks31
)
(C:\Users\Shadow\AppData\Local\Programs\MiKTeX\tex/latex/mathtools\mathtools.st
y
Package: mathtools 2024/10/04 v1.31 mathematical typesetting tools
 (C:\Users\Shadow\AppData\Local\Programs\MiKTeX\tex/latex/tools\calc.sty
Package: calc 2025/03/01 v4.3b Infix arithmetic (KKT,FJ)
\calc@Acount=\count297
\calc@Bcount=\count298
\calc@Adimen=\dimen158
\calc@Bdimen=\dimen159
\calc@Askip=\skip57
\calc@Bskip=\skip58
LaTeX Info: Redefining \setlength on input line 86.
LaTeX Info: Redefining \addtolength on input line 87.
\calc@Ccount=\count299
\calc@Cskip=\skip59
)
(C:\Users\Shadow\AppData\Local\Programs\MiKTeX\tex/latex/mathtools\mhsetup.sty
Package: mhsetup 2021/03/18 v1.4 programming setup (MH)
)
\g_MT_multlinerow_int=\count300
\l_MT_multwidth_dim=\dimen160
\origjot=\skip60
\l_MT_shortvdotswithinadjustabove_dim=\dimen161
\l_MT_shortvdotswithinadjustbelow_dim=\dimen162
\l_MT_above_intertext_sep=\dimen163
\l_MT_below_intertext_sep=\dimen164
\l_MT_above_shortintertext_sep=\dimen165
\l_MT_below_shortintertext_sep=\dimen166
\xmathstrut@box=\box55
\xmathstrut@dim=\dimen167
)
(C:\Users\Shadow\AppData\Local\Programs\MiKTeX\tex/latex/thmtools\thmtools.sty
Package: thmtools 2023/05/04 v0.76
\thmt@toks=\toks32
\c@thmt@dummyctr=\count301

(C:\Users\Shadow\AppData\Local\Programs\MiKTeX\tex/latex/thmtools\thm-patch.sty
Package: thm-patch 2023/05/04 v0.76

(C:\Users\Shadow\AppData\Local\Programs\MiKTeX\tex/latex/thmtools\parseargs.sty
Package: parseargs 2023/05/04 v0.76
\@parsespec=\toks33
)) (C:\Users\Shadow\AppData\Local\Programs\MiKTeX\tex/latex/thmtools\thm-kv.sty
Package: thm-kv 2023/05/04 v0.76
Package thm-kv Info: Theorem names will be uppercased on input line 42.

(C:\Users\Shadow\AppData\Local\Programs\MiKTeX\tex/latex/kvsetkeys\kvsetkeys.st
y
Package: kvsetkeys 2022-10-05 v1.19 Key value parser (HO)
)
Package thm-kv Info: kvsetkeys patch (v1.16 or later) on input line 158.
)
(C:\Users\Shadow\AppData\Local\Programs\MiKTeX\tex/latex/thmtools\thm-autoref.s
ty
Package: thm-autoref 2023/05/04 v0.76

(C:\Users\Shadow\AppData\Local\Programs\MiKTeX\tex/latex/thmtools\aliasctr.sty
Package: aliasctr 2023/05/04 v0.76
))
(C:\Users\Shadow\AppData\Local\Programs\MiKTeX\tex/latex/thmtools\thm-listof.st
y
Package: thm-listof 2023/05/04 v0.76
)
(C:\Users\Shadow\AppData\Local\Programs\MiKTeX\tex/latex/thmtools\thm-restate.s
ty
Package: thm-restate 2023/05/04 v0.76
)
(C:\Users\Shadow\AppData\Local\Programs\MiKTeX\tex/latex/thmtools\thm-amsthm.st
y
Package: thm-amsthm 2023/05/04 v0.76
\thmt@style@headstyle=\toks34
)) (C:\Users\Shadow\AppData\Local\Programs\MiKTeX\tex/latex/tools\bm.sty
Package: bm 2025/10/21 v1.2g Bold Symbol Support (DPC/FMi)
\symboldoperators=\mathgroup6
\symboldletters=\mathgroup7
\symboldsymbols=\mathgroup8
Package bm Info: No bold for \OMX/cmex/m/n, using \pmb.
Package bm Info: No bold for \U/msa/m/n, using \pmb.
Package bm Info: No bold for \U/msb/m/n, using \pmb.
LaTeX Font Info:    Redeclaring math alphabet \mathbf on input line 149.
)
(C:\Users\Shadow\AppData\Local\Programs\MiKTeX\tex/latex/doublestroke\dsfont.st
y
Package: dsfont 1995/08/01 v0.1 Double stroke roman fonts
)
(C:\Users\Shadow\AppData\Local\Programs\MiKTeX\tex/latex/geometry\geometry.sty
Package: geometry 2026/03/07 v6.0 Page Geometry

(C:\Users\Shadow\AppData\Local\Programs\MiKTeX\tex/generic/iftex\ifvtex.sty
Package: ifvtex 2019/10/25 v1.7 ifvtex legacy package. Use iftex instead.
)
\Gm@cnth=\count302
\Gm@cntv=\count303
\c@Gm@tempcnt=\count304
\Gm@bindingoffset=\dimen168
\Gm@wd@mp=\dimen169
\Gm@odd@mp=\dimen170
\Gm@even@mp=\dimen171
\Gm@layoutwidth=\dimen172
\Gm@layoutheight=\dimen173
\Gm@layouthoffset=\dimen174
\Gm@layoutvoffset=\dimen175
\Gm@dimlist=\toks35

(C:\Users\Shadow\AppData\Local\Programs\MiKTeX\tex/latex/geometry\geometry.cfg)
)
(C:\Users\Shadow\AppData\Local\Programs\MiKTeX\tex/latex/setspace\setspace.sty
Package: setspace 2022/12/04 v6.7b set line spacing
) (C:\Users\Shadow\AppData\Local\Programs\MiKTeX\tex/latex/titlesec\titlesec.st
y
Package: titlesec 2025/01/04 v2.17 Sectioning titles
\ttl@box=\box56
\beforetitleunit=\skip61
\aftertitleunit=\skip62
\ttl@plus=\dimen176
\ttl@minus=\dimen177
\ttl@toksa=\toks36
\titlewidth=\dimen178
\titlewidthlast=\dimen179
\titlewidthfirst=\dimen180
)
(C:\Users\Shadow\AppData\Local\Programs\MiKTeX\tex/latex/enumitem\enumitem.sty
Package: enumitem 2025/02/06 v3.11 Customized lists
\enitkv@toks@=\toks37
\labelindent=\skip63
\enit@outerparindent=\dimen181
\enit@toks=\toks38
\enit@inbox=\box57
\enit@count@id=\count305
\enitdp@description=\count306
) (C:\Users\Shadow\AppData\Local\Programs\MiKTeX\tex/latex/fancyhdr\fancyhdr.st
y
Package: fancyhdr 2025/02/07 v5.2 Extensive control of page headers and footers

\f@nch@headwidth=\skip64
\f@nch@offset@elh=\skip65
\f@nch@offset@erh=\skip66
\f@nch@offset@olh=\skip67
\f@nch@offset@orh=\skip68
\f@nch@offset@elf=\skip69
\f@nch@offset@erf=\skip70
\f@nch@offset@olf=\skip71
\f@nch@offset@orf=\skip72
\f@nch@height=\skip73
\f@nch@footalignment=\skip74
\f@nch@widthL=\skip75
\f@nch@widthC=\skip76
\f@nch@widthR=\skip77
\@temptokenb=\toks39
)
(C:\Users\Shadow\AppData\Local\Programs\MiKTeX\tex/latex/booktabs\booktabs.sty
Package: booktabs 2020/01/12 v1.61803398 Publication quality tables
\heavyrulewidth=\dimen182
\lightrulewidth=\dimen183
\cmidrulewidth=\dimen184
\belowrulesep=\dimen185
\belowbottomsep=\dimen186
\aboverulesep=\dimen187
\abovetopsep=\dimen188
\cmidrulesep=\dimen189
\cmidrulekern=\dimen190
\defaultaddspace=\dimen191
\@cmidla=\count307
\@cmidlb=\count308
\@aboverulesep=\dimen192
\@belowrulesep=\dimen193
\@thisruleclass=\count309
\@lastruleclass=\count310
\@thisrulewidth=\dimen194
) (C:\Users\Shadow\AppData\Local\Programs\MiKTeX\tex/latex/tools\longtable.sty
Package: longtable 2025-10-13 v4.24 Multi-page Table package (DPC)
\LTleft=\skip78
\LTright=\skip79
\LTpre=\skip80
\LTpost=\skip81
\LTchunksize=\count311
\LTcapwidth=\dimen195
\LT@head=\box58
\LT@firsthead=\box59
\LT@foot=\box60
\LT@lastfoot=\box61
\LT@gbox=\box62
\LT@cols=\count312
\LT@rows=\count313
\c@LT@tables=\count314
\c@LT@chunks=\count315
\LT@p@ftn=\toks40
)
(C:\Users\Shadow\AppData\Local\Programs\MiKTeX\tex/latex/tools\array.sty
Package: array 2025/09/25 v2.6n Tabular extension package (FMi)
\col@sep=\dimen196
\ar@mcellbox=\box63
\extrarowheight=\dimen197
\NC@list=\toks41
\extratabsurround=\skip82
\backup@length=\skip83
\ar@cellbox=\box64
)
(C:\Users\Shadow\AppData\Local\Programs\MiKTeX\tex/latex/hyperref\hyperref.sty
Package: hyperref 2025-07-12 v7.01o Hypertext links for LaTeX

(C:\Users\Shadow\AppData\Local\Programs\MiKTeX\tex/generic/kvdefinekeys\kvdefin
ekeys.sty
Package: kvdefinekeys 2019-12-19 v1.6 Define keys (HO)
)
(C:\Users\Shadow\AppData\Local\Programs\MiKTeX\tex/generic/pdfescape\pdfescape.
sty
Package: pdfescape 2019/12/09 v1.15 Implements pdfTeX's escape features (HO)

(C:\Users\Shadow\AppData\Local\Programs\MiKTeX\tex/generic/ltxcmds\ltxcmds.sty
Package: ltxcmds 2023-12-04 v1.26 LaTeX kernel commands for general use (HO)
)
(C:\Users\Shadow\AppData\Local\Programs\MiKTeX\tex/generic/pdftexcmds\pdftexcmd
s.sty
Package: pdftexcmds 2020-06-27 v0.33 Utility functions of pdfTeX for LuaTeX (HO
)

(C:\Users\Shadow\AppData\Local\Programs\MiKTeX\tex/generic/infwarerr\infwarerr.
sty
Package: infwarerr 2019/12/03 v1.5 Providing info/warning/error messages (HO)
)
Package pdftexcmds Info: \pdf@primitive is available.
Package pdftexcmds Info: \pdf@ifprimitive is available.
Package pdftexcmds Info: \pdfdraftmode found.
))
(C:\Users\Shadow\AppData\Local\Programs\MiKTeX\tex/latex/hycolor\hycolor.sty
Package: hycolor 2020-01-27 v1.10 Color options for hyperref/bookmark (HO)
)
(C:\Users\Shadow\AppData\Local\Programs\MiKTeX\tex/latex/hyperref\nameref.sty
Package: nameref 2025-06-21 v2.57 Cross-referencing by name of section

(C:\Users\Shadow\AppData\Local\Programs\MiKTeX\tex/latex/refcount\refcount.sty
Package: refcount 2019/12/15 v3.6 Data extraction from label references (HO)
)
(C:\Users\Shadow\AppData\Local\Programs\MiKTeX\tex/generic/gettitlestring\getti
tlestring.sty
Package: gettitlestring 2019/12/15 v1.6 Cleanup title references (HO)

(C:\Users\Shadow\AppData\Local\Programs\MiKTeX\tex/latex/kvoptions\kvoptions.st
y
Package: kvoptions 2022-06-15 v3.15 Key value format for package options (HO)
))
\c@section@level=\count316
)
(C:\Users\Shadow\AppData\Local\Programs\MiKTeX\tex/latex/etoolbox\etoolbox.sty
Package: etoolbox 2025/10/02 v2.5m e-TeX tools for LaTeX (JAW)
\etb@tempcnta=\count317
)
(C:\Users\Shadow\AppData\Local\Programs\MiKTeX\tex/generic/stringenc\stringenc.
sty
Package: stringenc 2019/11/29 v1.12 Convert strings between diff. encodings (HO
)
)
\@linkdim=\dimen198
\Hy@linkcounter=\count318
\Hy@pagecounter=\count319

(C:\Users\Shadow\AppData\Local\Programs\MiKTeX\tex/latex/hyperref\pd1enc.def
File: pd1enc.def 2025-07-12 v7.01o Hyperref: PDFDocEncoding definition (HO)
Now handling font encoding PD1 ...
... no UTF-8 mapping file for font encoding PD1
)
(C:\Users\Shadow\AppData\Local\Programs\MiKTeX\tex/generic/intcalc\intcalc.sty
Package: intcalc 2019/12/15 v1.3 Expandable calculations with integers (HO)
)
\Hy@SavedSpaceFactor=\count320
(C:\Users\Shadow\AppData\Local\Programs\MiKTeX\tex/latex/hyperref\puenc.def
File: puenc.def 2025-07-12 v7.01o Hyperref: PDF Unicode definition (HO)
Now handling font encoding PU ...
... no UTF-8 mapping file for font encoding PU
)
Package hyperref Info: Hyper figures OFF on input line 4195.
Package hyperref Info: Link nesting OFF on input line 4200.
Package hyperref Info: Hyper index ON on input line 4203.
Package hyperref Info: Plain pages OFF on input line 4210.
Package hyperref Info: Backreferencing OFF on input line 4215.
Package hyperref Info: Implicit mode ON; LaTeX internals redefined.
Package hyperref Info: Bookmarks ON on input line 4462.
\c@Hy@tempcnt=\count321

(C:\Users\Shadow\AppData\Local\Programs\MiKTeX\tex/latex/url\url.sty
\Urlmuskip=\muskip18
Package: url 2013/09/16  ver 3.4  Verb mode for urls, etc.
)
LaTeX Info: Redefining \url on input line 4801.
\XeTeXLinkMargin=\dimen199

(C:\Users\Shadow\AppData\Local\Programs\MiKTeX\tex/generic/bitset\bitset.sty
Package: bitset 2019/12/09 v1.3 Handle bit-vector datatype (HO)

(C:\Users\Shadow\AppData\Local\Programs\MiKTeX\tex/generic/bigintcalc\bigintcal
c.sty
Package: bigintcalc 2019/12/15 v1.5 Expandable calculations on big integers (HO
)
))
\Fld@menulength=\count322
\Field@Width=\dimen256
\Fld@charsize=\dimen257
Package hyperref Info: Hyper figures OFF on input line 6078.
Package hyperref Info: Link nesting OFF on input line 6083.
Package hyperref Info: Hyper index ON on input line 6086.
Package hyperref Info: backreferencing OFF on input line 6093.
Package hyperref Info: Link coloring OFF on input line 6098.
Package hyperref Info: Link coloring with OCG OFF on input line 6103.
Package hyperref Info: PDF/A mode OFF on input line 6108.
\Hy@abspage=\count323
\c@Item=\count324
\c@Hfootnote=\count325
)
Package hyperref Info: Driver (autodetected): hpdftex.

(C:\Users\Shadow\AppData\Local\Programs\MiKTeX\tex/latex/hyperref\hpdftex.def
File: hpdftex.def 2025-07-12 v7.01o Hyperref driver for pdfTeX
\Fld@listcount=\count326
\c@bookmark@seq@number=\count327

(C:\Users\Shadow\AppData\Local\Programs\MiKTeX\tex/latex/rerunfilecheck\rerunfi
lecheck.sty
Package: rerunfilecheck 2025-06-21 v1.11 Rerun checks for auxiliary files (HO)

(C:\Users\Shadow\AppData\Local\Programs\MiKTeX\tex/generic/uniquecounter\unique
counter.sty
Package: uniquecounter 2019/12/15 v1.4 Provide unlimited unique counter (HO)
)
Package uniquecounter Info: New unique counter `rerunfilecheck' on input line 2
84.
)
\Hy@SectionHShift=\skip84
)
Package hyperref Info: Option `hypertexnames' set `false' on input line 62.

(C:\Users\Shadow\AppData\Local\Programs\MiKTeX\tex/latex/cleveref\cleveref.sty
Package: cleveref 2018/03/27 v0.21.4 Intelligent cross-referencing
Package cleveref Info: `hyperref' support loaded on input line 2370.
LaTeX Info: Redefining \cref on input line 2370.
LaTeX Info: Redefining \Cref on input line 2370.
LaTeX Info: Redefining \crefrange on input line 2370.
LaTeX Info: Redefining \Crefrange on input line 2370.
LaTeX Info: Redefining \cpageref on input line 2370.
LaTeX Info: Redefining \Cpageref on input line 2370.
LaTeX Info: Redefining \cpagerefrange on input line 2370.
LaTeX Info: Redefining \Cpagerefrange on input line 2370.
LaTeX Info: Redefining \labelcref on input line 2370.
LaTeX Info: Redefining \labelcpageref on input line 2370.
Package cleveref Info: `amsthm' support loaded on input line 3026.
)
==> First Aid for cleveref.sty applied!
\c@definisjon=\count328
LaTeX Font Info:    Trying to load font information for T1+EBGaramond-OsF on in
put line 151.

(C:\Users\Shadow\AppData\Local\Programs\MiKTeX\tex/latex/ebgaramond\t1ebgaramon
d-osf.fd
File: T1EBGaramond-OsF.fd 2023/03/19 (autoinst) Font definitions for T1/EBGaram
ond-OsF.
)
LaTeX Font Info:    Font shape `T1/EBGaramond-OsF/m/n' will be
(Font)              scaled to size 10.5pt on input line 151.

(C:\Users\Shadow\AppData\Local\Programs\MiKTeX\tex/latex/l3backend\l3backend-pd
ftex.def
File: l3backend-pdftex.def 2025-10-09 L3 backend support: PDF output (pdfTeX)
\l__color_backend_stack_int=\count329
) (utkast_02.aux)
\openout1 = `utkast_02.aux'.

LaTeX Font Info:    Checking defaults for OML/cmm/m/it on input line 151.
LaTeX Font Info:    ... okay on input line 151.
LaTeX Font Info:    Checking defaults for OMS/cmsy/m/n on input line 151.
LaTeX Font Info:    ... okay on input line 151.
LaTeX Font Info:    Checking defaults for OT1/cmr/m/n on input line 151.
LaTeX Font Info:    ... okay on input line 151.
LaTeX Font Info:    Checking defaults for T1/cmr/m/n on input line 151.
LaTeX Font Info:    ... okay on input line 151.
LaTeX Font Info:    Checking defaults for TS1/cmr/m/n on input line 151.
LaTeX Font Info:    ... okay on input line 151.
LaTeX Font Info:    Checking defaults for OMX/cmex/m/n on input line 151.
LaTeX Font Info:    ... okay on input line 151.
LaTeX Font Info:    Checking defaults for U/cmr/m/n on input line 151.
LaTeX Font Info:    ... okay on input line 151.
LaTeX Font Info:    Checking defaults for PD1/pdf/m/n on input line 151.
LaTeX Font Info:    ... okay on input line 151.
LaTeX Font Info:    Checking defaults for PU/pdf/m/n on input line 151.
LaTeX Font Info:    ... okay on input line 151.
\c@mv@tabular=\count330
\c@mv@boldtabular=\count331

(C:\Users\Shadow\AppData\Local\Programs\MiKTeX\tex/latex/graphics\graphicx.sty
Package: graphicx 2024/12/31 v1.2e Enhanced LaTeX Graphics (DPC,SPQR)

(C:\Users\Shadow\AppData\Local\Programs\MiKTeX\tex/latex/graphics\graphics.sty
Package: graphics 2024/08/06 v1.4g Standard LaTeX Graphics (DPC,SPQR)

(C:\Users\Shadow\AppData\Local\Programs\MiKTeX\tex/latex/graphics\trig.sty
Package: trig 2023/12/02 v1.11 sin cos tan (DPC)
)
(C:\Users\Shadow\AppData\Local\Programs\MiKTeX\tex/latex/graphics-cfg\graphics.
cfg
File: graphics.cfg 2016/06/04 v1.11 sample graphics configuration
)
Package graphics Info: Driver file: pdftex.def on input line 106.

(C:\Users\Shadow\AppData\Local\Programs\MiKTeX\tex/latex/graphics-def\pdftex.de
f
File: pdftex.def 2025/09/29 v1.2d Graphics/color driver for pdftex

(C:\Users\Shadow\AppData\Local\Programs\MiKTeX\tex/context/base/mkii\supp-pdf.m
kii
[Loading MPS to PDF converter (version 2006.09.02).]
\scratchcounter=\count332
\scratchdimen=\dimen258
\scratchbox=\box65
\nofMPsegments=\count333
\nofMParguments=\count334
\everyMPshowfont=\toks42
\MPscratchCnt=\count335
\MPscratchDim=\dimen259
\MPnumerator=\count336
\makeMPintoPDFobject=\count337
\everyMPtoPDFconversion=\toks43
)))
(C:\Users\Shadow\AppData\Local\Programs\MiKTeX\tex/latex/epstopdf-pkg\epstopdf-
base.sty
Package: epstopdf-base 2020-01-24 v2.11 Base part for package epstopdf
Package epstopdf-base Info: Redefining graphics rule for `.eps' on input line 4
85.

(C:\Users\Shadow\AppData\Local\Programs\MiKTeX\tex/latex/00miktex\epstopdf-sys.
cfg
File: epstopdf-sys.cfg 2021/03/18 v2.0 Configuration of epstopdf for MiKTeX
))
\Gin@req@height=\dimen260
\Gin@req@width=\dimen261
)
*geometry* driver: auto-detecting
*geometry* detected driver: pdftex
*geometry* verbose mode - [ preamble ] result:
* driver: pdftex
* paper: custom
* layout: <same size as paper>
* layoutoffset:(h,v)=(0.0pt,0.0pt)
* modes: twoside 
* h-part:(L,W,R)=(39.83385pt, 290.21812pt, 39.83385pt)
* v-part:(T,H,B)=(42.67912pt, 475.16104pt, 51.21495pt)
* \paperwidth=369.88582pt
* \paperheight=569.05511pt
* \textwidth=290.21812pt
* \textheight=475.16104pt
* \oddsidemargin=-32.43614pt
* \evensidemargin=-32.43614pt
* \topmargin=-59.65836pt
* \headheight=12.0pt
* \headsep=18.06749pt
* \topskip=10.0pt
* \footskip=25.29494pt
* \marginparwidth=125.0pt
* \marginparsep=7.0pt
* \columnsep=10.0pt
* \skip\footins=9.0pt plus 4.0pt minus 2.0pt
* \hoffset=0.0pt
* \voffset=0.0pt
* \mag=1000
* \@twocolumnfalse
* \@twosidetrue
* \@mparswitchtrue
* \@reversemarginfalse
* (1in=72.27pt=25.4mm, 1cm=28.453pt)

Package hyperref Info: Link coloring OFF on input line 151.
(utkast_02.out) (utkast_02.out)
\@outlinefile=\write3
\openout3 = `utkast_02.out'.

LaTeX Font Info:    Font shape `T1/EBGaramond-OsF/m/n' will be
(Font)              scaled to size 14.0pt on input line 157.
LaTeX Font Info:    Font shape `T1/EBGaramond-OsF/m/sc' will be
(Font)              scaled to size 14.0pt on input line 157.
 [1

{C:/Users/Shadow/AppData/Local/MiKTeX/fonts/map/pdftex/pdftex.map}{C:/Users/Sha
dow/AppData/Local/Programs/MiKTeX/fonts/enc/dvips/ebgaramond/ebg_byuyni.enc}]
LaTeX Font Info:    Font shape `T1/EBGaramond-OsF/m/n' will be
(Font)              scaled to size 22.0pt on input line 168.
LaTeX Font Info:    Font shape `T1/EBGaramond-OsF/m/sc' will be
(Font)              scaled to size 22.0pt on input line 168.
LaTeX Font Info:    Font shape `T1/EBGaramond-OsF/m/it' will be
(Font)              scaled to size 10.5pt on input line 172.
LaTeX Font Info:    Font shape `T1/EBGaramond-OsF/m/n' will be
(Font)              scaled to size 9.0pt on input line 177.
 [2{C:/Users/Shadow/AppData/Local/Programs/MiKTeX/fonts/enc/dvips/ebgaramond/eb
g_tcdnmr.enc}{C:/Users/Shadow/AppData/Local/Programs/MiKTeX/fonts/enc/dvips/ebg
aramond/ebg_ljow5q.enc}]
LaTeX Font Info:    Font shape `T1/EBGaramond-OsF/m/n' will be
(Font)              scaled to size 8.0pt on input line 184.
LaTeX Font Info:    Trying to load font information for TS1+EBGaramond-OsF on i
nput line 185.

(C:\Users\Shadow\AppData\Local\Programs\MiKTeX\tex/latex/ebgaramond\ts1ebgaramo
nd-osf.fd
File: TS1EBGaramond-OsF.fd 2023/03/19 (autoinst) Font definitions for TS1/EBGar
amond-OsF.
)
LaTeX Font Info:    Font shape `TS1/EBGaramond-OsF/m/n' will be
(Font)              scaled to size 8.0pt on input line 185.
 [3{C:/Users/Shadow/AppData/Local/Programs/MiKTeX/fonts/enc/dvips/ebgaramond/eb
g_yod6vr.enc}]
LaTeX Font Info:    Font shape `T1/EBGaramond-OsF/m/n' will be
(Font)              scaled to size 10.0pt on input line 198.
 [4

] (utkast_02.toc
LaTeX Font Info:    Font shape `T1/EBGaramond-OsF/b/n' will be
(Font)              scaled to size 10.5pt on input line 1.
LaTeX Font Info:    Calculating math sizes for size <10.5> on input line 3.
LaTeX Font Info:    Trying to load font information for U+msa on input line 3.

(C:\Users\Shadow\AppData\Local\Programs\MiKTeX\tex/latex/amsfonts\umsa.fd
File: umsa.fd 2013/01/14 v3.01 AMS symbols A
)
LaTeX Font Info:    Trying to load font information for U+msb on input line 3.

(C:\Users\Shadow\AppData\Local\Programs\MiKTeX\tex/latex/amsfonts\umsb.fd
File: umsb.fd 2013/01/14 v3.01 AMS symbols B
)
[5] [6])
\tf@toc=\write4
\openout4 = `utkast_02.toc'.

 [7] [8

]
LaTeX Font Info:    Font shape `T1/EBGaramond-OsF/m/n' will be
(Font)              scaled to size 11.0pt on input line 208.
LaTeX Font Info:    Font shape `T1/EBGaramond-OsF/m/sc' will be
(Font)              scaled to size 11.0pt on input line 208.
 [9] [10]
Kapittel 1.
LaTeX Font Info:    Font shape `TS1/EBGaramond-OsF/m/n' will be
(Font)              scaled to size 10.5pt on input line 247.
Package hyperref Info: bookmark level for unknown definisjon defaults to 0 on i
nput line 264.
[11

]
Overfull \hbox (5.27701pt too wide) in paragraph at lines 279--281
\T1/EBGaramond-OsF/m/n/10.5 Sidan kvar $\OML/cmm/m/it/10.5 g[]$ \T1/EBGaramond-
OsF/m/n/10.5 er kon-tin-uer-leg, er $\OML/cmm/m/it/10.5 M[]$ \T1/EBGaramond-OsF
/m/n/10.5 ei lukka del-mengd av $\OT1/cmr/bx/n/10.5 R[]$\T1/EBGaramond-OsF/m/n/
10.5 . [M:Def. 1.1]
 []

Package hyperref Info: bookmark level for unknown merknad defaults to 0 on inpu
t line 289.
[12]
Package hyperref Info: bookmark level for unknown teorem defaults to 0 on input
 line 313.
 [13]
LaTeX Font Info:    Font shape `T1/EBGaramond-OsF/m/sc' will be
(Font)              scaled to size 10.5pt on input line 323.
LaTeX Font Info:    Font shape `T1/EBGaramond-OsF/b/it' will be
(Font)              scaled to size 10.5pt on input line 324.
 [14]
LaTeX Font Info:    Font shape `T1/EBGaramond-OsF/m/n' will be
(Font)              scaled to size 7.34996pt on input line 347.
LaTeX Font Info:    Font shape `T1/EBGaramond-OsF/m/n' will be
(Font)              scaled to size 5.25pt on input line 347.
Package hyperref Info: bookmark level for unknown exercise defaults to 0 on inp
ut line 361.
 [15] [16]
Kapittel 2.

Underfull \vbox (badness 10000) has occurred while \output is active []

 [17

]
Underfull \hbox (badness 3219) in paragraph at lines 416--417
\T1/EBGaramond-OsF/b/n/10.5 Definisjon 2.2 \T1/EBGaramond-OsF/m/n/10.5 (Selek-s
jons-trykk-vek-to-ren)\T1/EBGaramond-OsF/b/n/10.5 . \T1/EBGaramond-OsF/m/n/10.5
 Gjevne $\OML/cmm/m/it/10.5 k$ \T1/EBGaramond-OsF/m/n/10.5 se-lek-sjonstrykk
 []

[18]
Underfull \hbox (badness 1769) in paragraph at lines 431--432
[]\T1/EBGaramond-OsF/b/n/10.5 Řkonomisk trykk. \T1/EBGaramond-OsF/m/n/10.5 Mass
e-pro-duk-sjon belřn-nar stan-dard-is-er-ing.
 []


Underfull \hbox (badness 10000) in paragraph at lines 431--432
\T1/EBGaramond-OsF/m/n/10.5 Luk-sus-mark-naden belřn-nar sin-gu-lar-itet. Plat-
tfor-mřkonomien
 []


Underfull \hbox (badness 1708) in paragraph at lines 432--433
\T1/EBGaramond-OsF/m/n/10.5 Innhalds-bias (en-kle, sym-metriske mřn-ster over-l
ever be-tre) verkar
 []


Overfull \hbox (2.89664pt too wide) in paragraph at lines 436--437
[]\T1/EBGaramond-OsF/m/n/10.5 Denne tak-sonomien er ikkje av-grensa til vest-le
g tradis-jon. Mingdynasti-
 []


Underfull \vbox (badness 10000) has occurred while \output is active []

 [19]
Underfull \hbox (badness 2875) in paragraph at lines 457--458
\T1/EBGaramond-OsF/b/n/10.5 Teorem 2.4 \T1/EBGaramond-OsF/m/n/10.5 (Vari-asjon 
un-der kon-stant funksjon)\T1/EBGaramond-OsF/b/n/10.5 . \T1/EBGaramond-OsF/m/it
/10.5 Lat $\OML/cmm/m/it/10.5 C$ \T1/EBGaramond-OsF/m/it/10.5 vere ein
 []

Package hyperref Info: bookmark level for unknown postulat defaults to 0 on inp
ut line 472.
[20]
Underfull \hbox (badness 1275) in paragraph at lines 490--492
\T1/EBGaramond-OsF/m/sc/10.5 Designhistorisk dřme. \T1/EBGaramond-OsF/b/it/10.5
 Kv-i-for ma-hog-nis-to-lar er kom-pakte
 []


Underfull \hbox (badness 1048) in paragraph at lines 493--494
\T1/EBGaramond-OsF/m/it/10.5 nav-igerer forma gjen-nom saman-fřyinga --- ein pr
in-sip-iell par-al-lell til
 []

[21]
Underfull \hbox (badness 2744) in paragraph at lines 498--500
\T1/EBGaramond-OsF/m/sc/10.5 Gjennomarbeidd dřme. \T1/EBGaramond-OsF/b/n/10.5 I
den-ti-fiser se-lek-sjonstrykka pĺ ein
 []


Underfull \hbox (badness 2237) in paragraph at lines 516--517
[]\T1/EBGaramond-OsF/b/n/10.5 Kultur: \T1/EBGaramond-OsF/m/n/10.5 Hand-verks-tr
a-di-sjon. Fa-voris-erer demon-strasjon av fer-
 []

[22] [23] [24

]
Kapittel 3.

Underfull \hbox (badness 1377) in paragraph at lines 556--557
[]\T1/EBGaramond-OsF/m/it/10.5 Forklare kv-i-for stil er eit statis-tisk fenome
n, ikkje ein
 []


Underfull \hbox (badness 1859) in paragraph at lines 569--570
\T1/EBGaramond-OsF/b/n/10.5 Definisjon 3.1 \T1/EBGaramond-OsF/m/n/10.5 (Tilpass
-ings-funksjo-nen)\T1/EBGaramond-OsF/b/n/10.5 . \T1/EBGaramond-OsF/m/it/10.5 Ti
lpass-ings-funksjo-nen \T1/EBGaramond-OsF/m/n/10.5 er ein
 []


Underfull \vbox (badness 1014) has occurred while \output is active []

 [25]
[26] [27]
Underfull \hbox (badness 5260) in paragraph at lines 624--626
\T1/EBGaramond-OsF/m/sc/10.5 Gjennomarbeidd dřme. \T1/EBGaramond-OsF/b/n/10.5 T
eikn eit tilpass-ings-land-skap for
 []


Underfull \hbox (badness 1668) in paragraph at lines 627--628
[]\T1/EBGaramond-OsF/m/n/10.5 Me re-duserer form-rom-met til éin di-men-sjon fo
r il-lus-trasjon: lat
 []


Underfull \hbox (badness 1533) in paragraph at lines 627--628
\OML/cmm/m/it/10.5 x$\T1/EBGaramond-OsF/m/n/10.5 -aksen rep-re-sen-tere \T1/EBG
aramond-OsF/m/it/10.5 pre-sisjon \T1/EBGaramond-OsF/m/n/10.5 (frĺ lĺg til hřg) 
og $\OML/cmm/m/it/10.5 y$\T1/EBGaramond-OsF/m/n/10.5 -aksen den samla
 []

[28] [29] [30

]
Kapittel 4.

Underfull \hbox (badness 10000) in paragraph at lines 671--672
[]\T1/EBGaramond-OsF/m/it/10.5 Formulere til-pass-ings-land-ska-pet som ein ti-
davhengig
 []


Overfull \hbox (2.42328pt too wide) in paragraph at lines 672--673
[]\T1/EBGaramond-OsF/m/it/10.5 Bevise teo-remet om punk-tert likevekt: grad-vis
 drift avbroten
 []


Underfull \hbox (badness 1874) in paragraph at lines 680--681
\T1/EBGaramond-OsF/m/n/10.5 Til no har me hand-sama form-rom-met og til-pass-in
gs-land-ska-pet som
 []

[31]
Underfull \vbox (badness 1314) has occurred while \output is active []

 [32]
Underfull \hbox (badness 1028) in paragraph at lines 728--729
[]\T1/EBGaramond-OsF/m/n/10.5 Landskapet \T1/EBGaramond-OsF/m/it/10.5 hugsar \T
1/EBGaramond-OsF/m/n/10.5 ti-dle-gare for-mer: nĺverande se-lek-sjonstrykk er
 []


Underfull \hbox (badness 1275) in paragraph at lines 740--741
[]\T1/EBGaramond-OsF/m/it/10.5 Mahogni-toppen (ca. 1770--1840): Kolo-nial im-po
rt opna til-gang til
 []

[33]
Underfull \hbox (badness 5147) in paragraph at lines 746--747
[]\T1/EBGaramond-OsF/m/it/10.5 Digitaliseringa (ca. 1990--): Parametrisk de-sig
n og CNC-frćsing
 []

LaTeX Font Info:    Font shape `T1/EBGaramond-OsF/m/it' will be
(Font)              scaled to size 8.0pt on input line 758.

Underfull \vbox (badness 10000) has occurred while \output is active []

 [34]
[35] [36

]
Kapittel 5.

Underfull \hbox (badness 1675) in paragraph at lines 829--830
\T1/EBGaramond-OsF/m/n/10.5 Proposisjonane 1--4 har skil-dra rom-met, kreftene,
 land-skapet og dy-
 []


Overfull \hbox (1.05359pt too wide) in paragraph at lines 838--839
\T1/EBGaramond-OsF/m/n/10.5 fredsstiller det \T1/EBGaramond-OsF/m/it/10.5 tidsm
idla ned-stig-ingsvilkĺret\T1/EBGaramond-OsF/m/n/10.5 : for kvar $\OML/cmm/m/it
/10.5 t$ \T1/EBGaramond-OsF/m/n/10.5 med $\OML/cmm/m/it/10.5 ^^V\OT1/cmr/m/n/10
.5 (\OML/cmm/m/it/10.5 ^^M\OT1/cmr/m/n/10.5 (\OML/cmm/m/it/10.5 t\OT1/cmr/m/n/1
0.5 )) \OML/cmm/m/it/10.5 >
 []

[37]
LaTeX Font Info:    Font shape `T1/EBGaramond-OsF/m/sc' will be
(Font)              scaled to size 8.0pt on input line 854.

Overfull \hbox (35.75653pt too wide) detected at line 882
\OML/cmm/m/it/10.5 @ \OMS/cmsy/m/n/10.5 N \OT1/cmr/m/n/10.5 = [] (\OML/cmm/m/it
/10.5 r; ^^\\OT1/cmr/m/n/10.5 ) \OMS/cmsy/m/n/10.5 2 \OML/cmm/m/it/10.5 M[] \OM
S/cmsy/m/n/10.5 ^^B \OT1/cmr/bx/n/10.5 R [] \OMS/cmsy/m/n/10.5 N[]\OT1/cmr/m/n/
10.5 (\OML/cmm/m/it/10.5 r; ^^\\OT1/cmr/m/n/10.5 ) []\OML/cmm/m/it/10.5 :
 []

[38]
Underfull \hbox (badness 1308) in paragraph at lines 886--888
\T1/EBGaramond-OsF/m/sc/10.5 Designhistorisk dřme. \T1/EBGaramond-OsF/b/it/10.5
 Hand-verkaren, CNC-fresen og den
 []


Underfull \hbox (badness 1694) in paragraph at lines 912--913
[]\T1/EBGaramond-OsF/m/it/10.5 Verifiser ned-stig-ingsvilkĺret: \T1/EBGaramond-
OsF/m/n/10.5 Gra-di-en-ten til $\OML/cmm/m/it/10.5 ^^V$ \T1/EBGaramond-OsF/m/n/
10.5 peikar bort frĺ $\OML/cmm/m/it/10.5 G$\T1/EBGaramond-OsF/m/n/10.5 :
 []

[39] (kapittel_06-09.tex [40]
Kapittel 6.

Underfull \hbox (badness 2042) in paragraph at lines 37--38
[]\T1/EBGaramond-OsF/m/it/10.5 Bevise po-sisjon-sin-var-i-ans: po-sisjo-nen i f
orm-rom-met er
 []

Package hyperref Info: bookmark level for unknown postmark defaults to 0 on inp
ut line 61.
[41

]
Package hyperref Info: bookmark level for unknown satmark defaults to 0 on inpu
t line 90.

Underfull \hbox (badness 4229) in paragraph at lines 100--104
\OT1/cmr/m/n/10.5 (\OML/cmm/m/it/10.5 x[]\OT1/cmr/m/n/10.5 (\OML/cmm/m/it/10.5 
a\OT1/cmr/m/n/10.5 )\OML/cmm/m/it/10.5 ; [] ; x[]\OT1/cmr/m/n/10.5 (\OML/cmm/m/
it/10.5 a\OT1/cmr/m/n/10.5 ))$ \T1/EBGaramond-OsF/m/n/10.5 er de-fin-ert uteluk
kande av dei mĺl-bare ge-
 []

[42]
Package hyperref Info: bookmark level for unknown konmark defaults to 0 on inpu
t line 127.

Underfull \hbox (badness 4673) in paragraph at lines 136--139
[] \T1/EBGaramond-OsF/b/n/10.5 Den formelle struk-turen. \T1/EBGaramond-OsF/m/n
/10.5 Kvar sub-navigator $\OMS/cmsy/m/n/10.5 N[]$ \T1/EBGaramond-OsF/m/n/10.5 g
ener-erer ein
 []


Underfull \hbox (badness 1715) in paragraph at lines 161--167
\T1/EBGaramond-OsF/m/n/10.5 Nav-i-gasjon-ska-p-a-siteten opp-stĺr frĺ in-ter-ce
l-lulćr bioelek-trisk sig-nal-dy-
 []

[43] [44]
Overfull \hbox (3.23819pt too wide) in paragraph at lines 244--248
[]\T1/EBGaramond-OsF/m/n/10.5 Alle tre ligg in-nan-for same \T1/EBGaramond-OsF/
m/it/10.5 re-gion \T1/EBGaramond-OsF/m/n/10.5 av form-rom-met fordi se-lek-sjon
strykka
 []

[45] [46]
Kapittel 7.

Underfull \vbox (badness 1571) has occurred while \output is active []

 [47

]

! LaTeX Error: Something's wrong--perhaps a missing \item.

See the LaTeX manual or LaTeX Companion for explanation.
Type  H <return>  for immediate help.
 ...                                              
                                                  
l.362   \item \textbf
                     {Premiss.}\;
Try typing  <return>  to proceed.
If that doesn't work, type  X <return>  to quit.

[48] [49]
Underfull \hbox (badness 1062) in paragraph at lines 468--474
\T1/EBGaramond-OsF/m/n/10.5 Mellom 1770 og 1840 domin-erte ma-hogni den norske 
mř-bel-pro-duk-
 []


Underfull \hbox (badness 3148) in paragraph at lines 468--474
\T1/EBGaramond-OsF/m/n/10.5 han-del-snettverk forma av kolo-nial-isme, sjř-fart
 og eu-ropeisk prestis-
 []


Underfull \hbox (badness 1092) in paragraph at lines 468--474
\T1/EBGaramond-OsF/m/n/10.5 primćrt en-gelske; dei gjeld for Noreg in-di-rekte,
 gjen-nom im-port og
 []


Underfull \hbox (badness 1033) in paragraph at lines 480--484
[]\T1/EBGaramond-OsF/m/n/10.5 Rammeverket fan-gar denne dy-namikken: ma-te-ri-a
let de-finerer ein
 []

[50] [51] [52]
Kapittel 8.

Underfull \hbox (badness 2894) in paragraph at lines 579--580
[]\T1/EBGaramond-OsF/m/it/10.5 Formulere den sti-avhengige tilpass-ingsver-dien
 som eit
 []


Underfull \hbox (badness 5245) in paragraph at lines 580--581
[]\T1/EBGaramond-OsF/m/it/10.5 Utleie Euler--Lagrange-likninga for de-sign-tra-
jek-to-riar
 []


Underfull \hbox (badness 1642) in paragraph at lines 581--582
[]\T1/EBGaramond-OsF/m/it/10.5 Forklare kv-i-for sti-gen mod-i-fis-erer kva re-
sul-tat som er
 []

[53

]
Underfull \hbox (badness 1502) in paragraph at lines 634--638
[]\T1/EBGaramond-OsF/m/n/10.5 Vi fyl-gjer den klas-siske vari-asjon-srekninga. 
Denne
 []

[54] [55]
Package hyperref Info: bookmark level for unknown propmark defaults to 0 on inp
ut line 726.

Underfull \vbox (badness 1348) has occurred while \output is active []

 [56]
Underfull \hbox (badness 7814) in paragraph at lines 809--814
[] \T1/EBGaramond-OsF/b/n/10.5 Kat-e-gori A: Mil-itćrut-styr (sterkt se-lek-sjo
nstrykk). \T1/EBGaramond-OsF/m/n/10.5 Ein mil-
 []

[57] [58] [59] [60

]
Kapittel 9.
[61] [62] [63]
Underfull \hbox (badness 1762) in paragraph at lines 1028--1031
[]\T1/EBGaramond-OsF/b/n/10.5 Refleksjon er nav-i-gasjon-s-modus. \T1/EBGaramon
d-OsF/m/n/10.5 De-signut-dan-ning som ikkje
 []

[64] [65] [66

]
Tillegg A.
LaTeX Font Info:    Font shape `T1/EBGaramond-OsF/m/sc' will be
(Font)              scaled to size 9.0pt on input line 1098.
LaTeX Font Info:    Font shape `T1/EBGaramond-OsF/m/it' will be
(Font)              scaled to size 9.0pt on input line 1108.
ignored error: Infinite glue shrinkage found in box being split [67] [68]
Tillegg B.

Underfull \hbox (badness 10000) in paragraph at lines 1198--1199
[]|\T1/EBGaramond-OsF/m/n/9 Formrommet (mor-phospace) for funksjonell
 []

ignored error: Infinite glue shrinkage found in box being split [69

] [70]
Tillegg C.
[71

]
Underfull \hbox (badness 1565) in paragraph at lines 1309--1311
[] \T1/EBGaramond-OsF/b/n/10.5 Řv-ing []8.5[]. \T1/EBGaramond-OsF/m/it/10.5 Hin
t: \T1/EBGaramond-OsF/m/n/10.5 Po-sisjon-sop-ti-mer-ing: ``kva er den beste sto
len?''
 []

[72]) [73] (utkast_02.aux)
 ***********
LaTeX2e <2025-11-01>
L3 programming layer <2025-12-24>
 ***********


LaTeX Warning: Label(s) may have changed. Rerun to get cross-references right.

Package rerunfilecheck Info: File `utkast_02.out' has not changed.
(rerunfilecheck)             Checksum: 9469767A7C8328FACBFD6A055960DE20;13208.
 ) 
Here is how much of TeX's memory you used:
 16704 strings out of 467871
 285718 string characters out of 5417892
 707466 words of memory out of 5000000
 44872 multiletter control sequences out of 15000+600000
 741363 words of font info for 148 fonts, out of 8000000 for 9000
 1148 hyphenation exceptions out of 8191
 75i,12n,79p,944b,792s stack positions out of 10000i,1000n,20000p,200000b,200000s
<C:/Users/Shadow/AppData/Local/Programs/MiKTeX/fonts/type1/public/ebgaramond/
EBGaramond-Bold.pfb><C:/Users/Shadow/AppData/Local/Programs/MiKTeX/fonts/type1/
public/ebgaramond/EBGaramond-BoldItalic.pfb><C:/Users/Shadow/AppData/Local/Prog
rams/MiKTeX/fonts/type1/public/ebgaramond/EBGaramond-Italic.pfb><C:/Users/Shado
w/AppData/Local/Programs/MiKTeX/fonts/type1/public/ebgaramond/EBGaramond-Regula
r.pfb><C:/Users/Shadow/AppData/Local/Programs/MiKTeX/fonts/type1/public/amsfont
s/cm/cmbx10.pfb><C:/Users/Shadow/AppData/Local/Programs/MiKTeX/fonts/type1/publ
ic/amsfonts/cm/cmbx9.pfb><C:/Users/Shadow/AppData/Local/Programs/MiKTeX/fonts/t
ype1/public/amsfonts/cm/cmex10.pfb><C:/Users/Shadow/AppData/Local/Programs/MiKT
eX/fonts/type1/public/amsfonts/cm/cmmi10.pfb><C:/Users/Shadow/AppData/Local/Pro
grams/MiKTeX/fonts/type1/public/amsfonts/cm/cmmi6.pfb><C:/Users/Shadow/AppData/
Local/Programs/MiKTeX/fonts/type1/public/amsfonts/cm/cmmi7.pfb><C:/Users/Shadow
/AppData/Local/Programs/MiKTeX/fonts/type1/public/amsfonts/cm/cmmi8.pfb><C:/Use
rs/Shadow/AppData/Local/Programs/MiKTeX/fonts/type1/public/amsfonts/cm/cmmi9.pf
b><C:/Users/Shadow/AppData/Local/Programs/MiKTeX/fonts/type1/public/amsfonts/cm
/cmmib10.pfb><C:/Users/Shadow/AppData/Local/Programs/MiKTeX/fonts/type1/public/
amsfonts/cmextra/cmmib7.pfb><C:/Users/Shadow/AppData/Local/Programs/MiKTeX/font
s/type1/public/amsfonts/cm/cmr10.pfb><C:/Users/Shadow/AppData/Local/Programs/Mi
KTeX/fonts/type1/public/amsfonts/cm/cmr6.pfb><C:/Users/Shadow/AppData/Local/Pro
grams/MiKTeX/fonts/type1/public/amsfonts/cm/cmr7.pfb><C:/Users/Shadow/AppData/L
ocal/Programs/MiKTeX/fonts/type1/public/amsfonts/cm/cmr9.pfb><C:/Users/Shadow/A
ppData/Local/Programs/MiKTeX/fonts/type1/public/amsfonts/cm/cmss8.pfb><C:/Users
/Shadow/AppData/Local/Programs/MiKTeX/fonts/type1/public/amsfonts/cm/cmsy10.pfb
><C:/Users/Shadow/AppData/Local/Programs/MiKTeX/fonts/type1/public/amsfonts/cm/
cmsy5.pfb><C:/Users/Shadow/AppData/Local/Programs/MiKTeX/fonts/type1/public/ams
fonts/cm/cmsy7.pfb><C:/Users/Shadow/AppData/Local/Programs/MiKTeX/fonts/type1/p
ublic/amsfonts/cm/cmsy9.pfb>
Output written on utkast_02.pdf (73 pages, 560881 bytes).
PDF statistics:
 1220 PDF objects out of 1440 (max. 8388607)
 423 named destinations out of 1000 (max. 500000)
 609 words of extra memory for PDF output out of 10000 (max. 10000000)

