\BOOKMARK [0][-]{chapter*.2}{\376\377\000I\000n\000n\000l\000e\000i\000i\000n\000g}{}% 1
\BOOKMARK [0][-]{chapter.9}{\376\377\000F\000o\000r\000m\000r\000o\000m\000m\000e\000t}{}% 2
\BOOKMARK [1][-]{section.10}{\376\377\000K\000v\000a\000\040\000e\000r\000\040\000e\000i\000t\000\040\000f\000o\000r\000m\000r\000o\000m\000?}{chapter.9}% 3
\BOOKMARK [1][-]{section.11}{\376\377\000F\000o\000r\000m\000e\000l\000l\000\040\000d\000e\000f\000i\000n\000i\000s\000j\000o\000n}{chapter.9}% 4
\BOOKMARK [1][-]{section.15}{\376\377\000K\000o\000m\000p\000a\000k\000t\000h\000e\000i\000t}{chapter.9}% 5
\BOOKMARK [1][-]{section.18}{\376\377\000R\000e\000g\000i\000o\000n\000t\000y\000p\000o\000l\000o\000g\000i}{chapter.9}% 6
\BOOKMARK [1][-]{section.24}{\376\377\000F\000o\000r\000k\000l\000a\000r\000i\000n\000g\000s\000k\000r\000a\000v\000e\000t}{chapter.9}% 7
\BOOKMARK [1][-]{section.27}{\376\377\000\330\000v\000i\000n\000g\000a\000r}{chapter.9}% 8
\BOOKMARK [0][-]{chapter.38}{\376\377\000S\000e\000l\000e\000k\000s\000j\000o\000n\000s\000t\000r\000y\000k\000k}{}% 9
\BOOKMARK [1][-]{section.39}{\376\377\000K\000v\000a\000\040\000d\000r\000i\000v\000\040\000f\000o\000r\000m\000a\000?}{chapter.38}% 10
\BOOKMARK [1][-]{section.40}{\376\377\000F\000o\000r\000m\000e\000l\000l\000\040\000d\000e\000f\000i\000n\000i\000s\000j\000o\000n}{chapter.38}% 11
\BOOKMARK [1][-]{section.45}{\376\377\000D\000e\000i\000\040\000f\000e\000m\000\040\000h\000o\000v\000u\000d\000k\000l\000a\000s\000s\000a\000n\000e}{chapter.38}% 12
\BOOKMARK [1][-]{section.51}{\376\377\000F\000u\000n\000k\000s\000j\000o\000n\000e\000n\000\040\000a\000v\000g\000r\000e\000n\000s\000a\000r\000,\000\040\000m\000e\000n\000\040\000b\000e\000s\000t\000e\000m\000m\000e\000r\000\040\000i\000k\000k\000j\000e}{chapter.38}% 13
\BOOKMARK [1][-]{section.54}{\376\377\000T\000e\000o\000r\000e\000m\000e\000t\000\040\000o\000m\000\040\000v\000a\000r\000i\000a\000s\000j\000o\000n\000\040\000u\000n\000d\000e\000r\000\040\000k\000o\000n\000s\000t\000a\000n\000t\000\040\000f\000u\000n\000k\000s\000j\000o\000n}{chapter.38}% 14
\BOOKMARK [1][-]{section.59}{\376\377\000M\000o\000t\000s\000t\000r\000i\000d\000a\000n\000d\000e\000\040\000r\000e\000t\000n\000i\000n\000g\000a\000r}{chapter.38}% 15
\BOOKMARK [1][-]{section.64}{\376\377\000\330\000v\000i\000n\000g\000a\000r}{chapter.38}% 16
\BOOKMARK [0][-]{chapter.75}{\376\377\000T\000i\000l\000p\000a\000s\000s\000i\000n\000g\000s\000l\000a\000n\000d\000s\000k\000a\000p\000e\000t}{}% 17
\BOOKMARK [1][-]{section.76}{\376\377\000F\000r\000\345\000\040\000t\000r\000y\000k\000k\000\040\000t\000i\000l\000\040\000l\000a\000n\000d\000s\000k\000a\000p}{chapter.75}% 18
\BOOKMARK [1][-]{section.77}{\376\377\000T\000i\000l\000p\000a\000s\000s\000i\000n\000g\000s\000f\000u\000n\000k\000s\000j\000o\000n\000e\000n}{chapter.75}% 19
\BOOKMARK [1][-]{section.80}{\376\377\000T\000i\000l\000p\000a\000s\000s\000i\000n\000g\000s\000l\000a\000n\000d\000s\000k\000a\000p\000e\000t}{chapter.75}% 20
\BOOKMARK [1][-]{section.83}{\376\377\000T\000e\000o\000r\000e\000m\000e\000t\000\040\000o\000m\000\040\000f\000l\000e\000i\000r\000e\000\040\000h\000a\000u\000g\000a\000r}{chapter.75}% 21
\BOOKMARK [1][-]{section.86}{\376\377\000S\000t\000i\000l\000\040\000s\000o\000m\000\040\000a\000t\000t\000r\000a\000k\000s\000j\000o\000n\000s\000b\000a\000s\000s\000e\000n\000g}{chapter.75}% 22
\BOOKMARK [1][-]{section.89}{\376\377\000\330\000v\000i\000n\000g\000a\000r}{chapter.75}% 23
\BOOKMARK [0][-]{chapter.100}{\376\377\000D\000y\000n\000a\000m\000i\000k\000k}{}% 24
\BOOKMARK [1][-]{section.101}{\376\377\000L\000a\000n\000d\000s\000k\000a\000p\000e\000t\000\040\000e\000n\000d\000r\000a\000r\000\040\000s\000e\000g}{chapter.100}% 25
\BOOKMARK [1][-]{section.102}{\376\377\000F\000o\000r\000m\000e\000l\000l\000\040\000d\000e\000f\000i\000n\000i\000s\000j\000o\000n}{chapter.100}% 26
\BOOKMARK [1][-]{section.105}{\376\377\000P\000u\000n\000k\000t\000e\000r\000t\000\040\000l\000i\000k\000e\000v\000e\000k\000t}{chapter.100}% 27
\BOOKMARK [1][-]{section.110}{\376\377\000L\000a\000n\000d\000s\000k\000a\000p\000s\000m\000i\000n\000n\000e}{chapter.100}% 28
\BOOKMARK [1][-]{section.113}{\376\377\000S\000h\000a\000n\000n\000o\000n\000-\000e\000n\000t\000r\000o\000p\000i\000\040\000o\000v\000e\000r\000\040\000m\000a\000t\000e\000r\000i\000a\000l\000b\000r\000u\000k}{chapter.100}% 29
\BOOKMARK [1][-]{section.114}{\376\377\000\330\000v\000i\000n\000g\000a\000r}{chapter.100}% 30
\BOOKMARK [0][-]{chapter.125}{\376\377\000N\000a\000v\000i\000g\000a\000t\000o\000r\000a\000r}{}% 31
\BOOKMARK [1][-]{section.126}{\376\377\000K\000v\000e\000n\000\040\000r\000e\000s\000p\000o\000n\000d\000e\000r\000e\000r\000\040\000p\000\345\000\040\000l\000a\000n\000d\000s\000k\000a\000p\000e\000t\000?}{chapter.125}% 32
\BOOKMARK [1][-]{section.127}{\376\377\000N\000a\000v\000i\000g\000a\000t\000o\000r\000-\000t\000r\000i\000p\000p\000e\000l\000e\000t}{chapter.125}% 33
\BOOKMARK [1][-]{section.134}{\376\377\000F\000e\000m\000\040\000s\000u\000b\000s\000t\000r\000a\000t\000k\000l\000a\000s\000s\000a\000r}{chapter.125}% 34
\BOOKMARK [1][-]{section.135}{\376\377\000I\000n\000t\000e\000l\000l\000i\000g\000e\000n\000s\000\040\000s\000o\000m\000\040\000e\000v\000n\000e\000\040\000t\000i\000l\000\040\000\345\000\040\000k\000r\000y\000s\000s\000e\000\040\000d\000a\000l\000a\000r}{chapter.125}% 35
\BOOKMARK [1][-]{section.138}{\376\377\000K\000o\000g\000n\000i\000t\000i\000v\000\040\000g\000r\000e\000n\000s\000e\000f\000l\000a\000t\000e}{chapter.125}% 36
\BOOKMARK [1][-]{section.144}{\376\377\000\330\000v\000i\000n\000g\000a\000r}{chapter.125}% 37
\BOOKMARK [0][-]{chapter.155}{\376\377\000S\000u\000b\000s\000t\000r\000a\000t\000-\000u\000a\000v\000h\000e\000n\000g\000i\000g\000h\000e\000i\000t\000\040\000o\000g\000\040\000e\000m\000e\000r\000g\000e\000n\000s}{}% 38
\BOOKMARK [1][-]{section.156}{\376\377\000N\000a\000v\000i\000g\000a\000s\000j\000o\000n\000\040\000e\000r\000\040\000e\000i\000n\000\040\000e\000i\000g\000e\000n\000s\000k\000a\000p\000\040\000v\000e\000d\000\040\000o\000r\000g\000a\000n\000i\000s\000e\000r\000i\000n\000g}{chapter.155}% 39
\BOOKMARK [1][-]{section.157}{\376\377\000P\000o\000s\000t\000u\000l\000a\000t\000:\000\040\000S\000u\000b\000s\000t\000r\000a\000t\000-\000u\000a\000v\000h\000e\000n\000g\000i\000g\000\040\000n\000a\000v\000i\000g\000a\000s\000j\000o\000n}{chapter.155}% 40
\BOOKMARK [1][-]{section.164}{\376\377\000P\000o\000s\000i\000s\000j\000o\000n\000s\000i\000n\000v\000a\000r\000i\000a\000n\000s}{chapter.155}% 41
\BOOKMARK [1][-]{section.171}{\376\377\000E\000m\000e\000r\000g\000e\000n\000t\000\040\000n\000a\000v\000i\000g\000a\000s\000j\000o\000n}{chapter.155}% 42
\BOOKMARK [1][-]{section.177}{\376\377\000D\000e\000s\000i\000g\000n\000h\000i\000s\000t\000o\000r\000i\000s\000k\000\040\000d\000\370\000m\000e\000:\000\040\000K\000o\000n\000v\000e\000r\000g\000e\000n\000s\000\040\000p\000\345\000\040\000t\000v\000e\000r\000s\000\040\000a\000v\000\040\000s\000u\000b\000s\000t\000r\000a\000t}{chapter.155}% 43
\BOOKMARK [1][-]{section.178}{\376\377\000G\000j\000e\000n\000n\000o\000m\000a\000r\000b\000e\000i\000d\000d\000\040\000d\000\370\000m\000e\000:\000\040\000T\000r\000e\000\040\000n\000a\000v\000i\000g\000a\000t\000o\000r\000a\000r\000,\000\040\000\351\000i\000n\000\040\000s\000t\000o\000l}{chapter.155}% 44
\BOOKMARK [1][-]{section.183}{\376\377\000\330\000v\000i\000n\000g\000a\000r}{chapter.155}% 45
\BOOKMARK [0][-]{chapter.196}{\376\377\000E\000m\000p\000i\000r\000i\000s\000k\000:\000\040\000M\000a\000t\000e\000r\000i\000a\000l\000s\000i\000g\000n\000a\000t\000u\000r\000a\000r}{}% 46
\BOOKMARK [1][-]{section.197}{\376\377\000F\000r\000\345\000\040\000t\000e\000o\000r\000i\000\040\000t\000i\000l\000\040\000d\000a\000t\000a}{chapter.196}% 47
\BOOKMARK [1][-]{section.198}{\376\377\000P\000o\000s\000t\000u\000l\000a\000t\000\040\000o\000m\000\040\000g\000e\000o\000m\000e\000t\000r\000i\000s\000k\000\040\000s\000i\000g\000n\000a\000t\000u\000r}{chapter.196}% 48
\BOOKMARK [1][-]{section.203}{\376\377\000I\000n\000f\000o\000r\000m\000a\000s\000j\000o\000n\000s\000t\000e\000o\000r\000e\000m\000e\000t}{chapter.196}% 49
\BOOKMARK [1][-]{section.217}{\376\377\000S\000T\000O\000L\000A\000R\000-\000d\000a\000t\000a\000s\000e\000t\000t\000e\000t}{chapter.196}% 50
\BOOKMARK [2][-]{subsection.218}{\376\377\000G\000e\000o\000m\000e\000t\000r\000i\000s\000k\000e\000\040\000p\000r\000o\000f\000i\000l\000a\000r\000\040\000p\000e\000r\000\040\000m\000a\000t\000e\000r\000i\000a\000l\000e}{section.217}% 51
\BOOKMARK [2][-]{subsection.219}{\376\377\000E\000m\000p\000i\000r\000i\000s\000k\000e\000\040\000i\000n\000f\000o\000r\000m\000a\000s\000j\000o\000n\000s\000v\000e\000r\000d\000i\000a\000r}{section.217}% 52
\BOOKMARK [2][-]{subsection.220}{\376\377\000M\000a\000t\000e\000r\000i\000a\000l\000e\000n\000t\000r\000o\000p\000i\000e\000n\000\040\000o\000v\000e\000r\000\040\000t\000i\000d}{section.217}% 53
\BOOKMARK [1][-]{section.221}{\376\377\000D\000e\000s\000i\000g\000n\000h\000i\000s\000t\000o\000r\000i\000s\000k\000\040\000d\000\370\000m\000e\000:\000\040\000M\000a\000h\000o\000g\000n\000i\000t\000o\000p\000p\000e\000n}{chapter.196}% 54
\BOOKMARK [1][-]{section.222}{\376\377\000G\000j\000e\000n\000n\000o\000m\000a\000r\000b\000e\000i\000d\000d\000\040\000d\000\370\000m\000e\000:\000\040\000R\000e\000k\000n\000\040\000u\000t\000\040\000g\000j\000e\000n\000s\000i\000d\000i\000g\000\040\000i\000n\000f\000o\000r\000m\000a\000s\000j\000o\000n}{chapter.196}% 55
\BOOKMARK [1][-]{section.226}{\376\377\000\330\000v\000i\000n\000g\000a\000r}{chapter.196}% 56
\BOOKMARK [0][-]{chapter.239}{\376\377\000V\000a\000r\000i\000a\000s\000j\000o\000n\000s\000p\000r\000i\000n\000s\000i\000p\000p}{}% 57
\BOOKMARK [1][-]{section.240}{\376\377\000S\000t\000i\000g\000e\000n\000\040\000g\000j\000e\000n\000n\000o\000m\000\040\000f\000o\000r\000m\000r\000o\000m\000m\000e\000t}{chapter.239}% 58
\BOOKMARK [1][-]{section.241}{\376\377\000S\000t\000i\000a\000v\000h\000e\000n\000g\000i\000g\000\040\000t\000i\000l\000p\000a\000s\000s\000i\000n\000g}{chapter.239}% 59
\BOOKMARK [1][-]{section.245}{\376\377\000E\000u\000l\000e\000r\040\023\000L\000a\000g\000r\000a\000n\000g\000e\000-\000l\000i\000k\000n\000i\000n\000g\000a\000\040\000f\000o\000r\000\040\000d\000e\000s\000i\000g\000n\000t\000r\000a\000j\000e\000k\000t\000o\000r\000i\000a\000r}{chapter.239}% 60
\BOOKMARK [1][-]{section.256}{\376\377\000S\000t\000i\000g\000e\000n\000\040\000m\000o\000d\000i\000f\000i\000s\000e\000r\000e\000r\000\040\000l\000a\000n\000d\000s\000k\000a\000p\000e\000t}{chapter.239}% 61
\BOOKMARK [1][-]{section.259}{\376\377\000S\000p\000r\000e\000i\000i\000n\000g\000s\000r\000e\000l\000a\000s\000j\000o\000n\000e\000n}{chapter.239}% 62
\BOOKMARK [1][-]{section.266}{\376\377\000D\000e\000s\000i\000g\000n\000h\000i\000s\000t\000o\000r\000i\000s\000k\000\040\000d\000\370\000m\000e\000:\000\040\000F\000o\000r\000m\000t\000i\000d\000\040\000o\000g\000\040\000s\000u\000b\000s\000t\000r\000a\000t\000s\000k\000i\000f\000t\000e}{chapter.239}% 63
\BOOKMARK [1][-]{section.267}{\376\377\000G\000j\000e\000n\000n\000o\000m\000a\000r\000b\000e\000i\000d\000d\000\040\000d\000\370\000m\000e\000:\000\040\000S\000p\000r\000e\000i\000i\000n\000g\000s\000r\000e\000l\000a\000s\000j\000o\000n\000e\000n\000\040\000i\000\040\000p\000r\000a\000k\000s\000i\000s}{chapter.239}% 64
\BOOKMARK [1][-]{section.271}{\376\377\000\330\000v\000i\000n\000g\000a\000r}{chapter.239}% 65
\BOOKMARK [0][-]{chapter.284}{\376\377\000K\000o\000n\000s\000e\000k\000v\000e\000n\000s\000a\000r\000\040\000o\000g\000\040\000f\000r\000a\000m\000t\000i\000d}{}% 66
\BOOKMARK [1][-]{section.285}{\376\377\000P\000r\000o\000v\000i\000s\000o\000r\000i\000s\000k\000\040\000k\000o\000m\000p\000r\000o\000m\000i\000s\000s}{chapter.284}% 67
\BOOKMARK [1][-]{section.288}{\376\377\000V\000a\000r\000i\000g\000e\000\040\000t\000r\000a\000d\000i\000s\000j\000o\000n\000a\000r}{chapter.284}% 68
\BOOKMARK [1][-]{section.291}{\376\377\000F\000a\000l\000s\000i\000f\000i\000s\000e\000r\000b\000a\000r\000h\000e\000i\000t}{chapter.284}% 69
\BOOKMARK [1][-]{section.297}{\376\377\000R\000e\000f\000l\000e\000k\000s\000i\000v\000\040\000n\000a\000v\000i\000g\000a\000s\000j\000o\000n}{chapter.284}% 70
\BOOKMARK [1][-]{section.298}{\376\377\000F\000i\000r\000e\000\040\000p\000r\000a\000k\000s\000i\000s\000a\000r\000:\000\040\000E\000v\000a\000l\000u\000e\000r\000i\000n\000g}{chapter.284}% 71
\BOOKMARK [1][-]{section.299}{\376\377\000K\000v\000a\000\040\000b\000e\000t\000y\000r\000\040\000d\000e\000t\000t\000e\000\040\000f\000o\000r\000\040\000d\000e\000s\000i\000g\000n\000u\000t\000d\000a\000n\000n\000i\000n\000g\000?}{chapter.284}% 72
\BOOKMARK [1][-]{section.305}{\376\377\000\330\000v\000i\000n\000g\000a\000r}{chapter.284}% 73
\BOOKMARK [0][-]{appendix.320}{\376\377\000K\000o\000r\000r\000e\000s\000p\000o\000n\000d\000a\000n\000s\000e\000t\000a\000b\000e\000l\000l}{}% 74
\BOOKMARK [0][-]{appendix.321}{\376\377\000N\000o\000t\000a\000s\000j\000o\000n\000s\000o\000v\000e\000r\000s\000y\000n}{}% 75
\BOOKMARK [0][-]{appendix.322}{\376\377\000\330\000v\000i\000n\000g\000s\000n\000\370\000k\000k\000e\000l}{}% 76
